<?xml version="1.0" encoding="UTF-8"?>
<!-- Generated by org.testng.reporters.JUnitReportReporter -->
<testsuite skipped="1" hostname="DESKTOP-G674484" name="TestFunctions.Login_Admin" tests="2" failures="0" timestamp="2021-01-29T14:05:36 IST" time="1.618" errors="1">
  <testcase name="verifyLogin" time="0.000" classname="TestFunctions.Login_Admin">
    <skipped/>
  </testcase> <!-- verifyLogin -->
  <system-out/>
  <testcase name="initDriver" time="1.618" classname="TestFunctions.Login_Admin">
    <error type="org.openqa.selenium.SessionNotCreatedException" message="session not created: This version of ChromeDriver only supports Chrome version 86
Current browser version is 88.0.4324.104 with binary path C:\Program Files (x86)\Google\Chrome\Application\chrome.exe
Build info: version: &#039;3.141.59&#039;, revision: &#039;e82be7d358&#039;, time: &#039;2018-11-14T08:17:03&#039;
System info: host: &#039;DESKTOP-G674484&#039;, ip: &#039;192.168.0.28&#039;, os.name: &#039;Windows 10&#039;, os.arch: &#039;amd64&#039;, os.version: &#039;10.0&#039;, java.version: &#039;1.8.0_261&#039;
Driver info: driver.version: ChromeDriver
remote stacktrace: Backtrace:
	Ordinal0 [0x004AC013+3194899]
	Ordinal0 [0x00396021+2056225]
	Ordinal0 [0x0022F608+587272]
	Ordinal0 [0x001B1BF3+72691]
	Ordinal0 [0x001AE229+57897]
	Ordinal0 [0x001AC64A+50762]
	Ordinal0 [0x001D1EE9+204521]
	Ordinal0 [0x001D1D0D+204045]
	Ordinal0 [0x001CFC1B+195611]
	Ordinal0 [0x001B3B7F+80767]
	Ordinal0 [0x001B4B4E+84814]
	Ordinal0 [0x001B4AD9+84697]
	Ordinal0 [0x003ACE64+2149988]
	GetHandleVerifier [0x0061BE95+1400773]
	GetHandleVerifier [0x0061BB61+1399953]
	GetHandleVerifier [0x006231FA+1430314]
	GetHandleVerifier [0x0061C69F+1402831]
	Ordinal0 [0x003A3D61+2112865]
	Ordinal0 [0x003AE5CB+2155979]
	Ordinal0 [0x003AE6F5+2156277]
	Ordinal0 [0x003BF26E+2224750]
	BaseThreadInitThunk [0x75F26359+25]
	RtlGetAppContainerNamedObjectPath [0x77758944+228]
	RtlGetAppContainerNamedObjectPath [0x77758914+180]
">
      <![CDATA[org.openqa.selenium.SessionNotCreatedException: session not created: This version of ChromeDriver only supports Chrome version 86
Current browser version is 88.0.4324.104 with binary path C:\Program Files (x86)\Google\Chrome\Application\chrome.exe
Build info: version: '3.141.59', revision: 'e82be7d358', time: '2018-11-14T08:17:03'
System info: host: 'DESKTOP-G674484', ip: '192.168.0.28', os.name: 'Windows 10', os.arch: 'amd64', os.version: '10.0', java.version: '1.8.0_261'
Driver info: driver.version: ChromeDriver
remote stacktrace: Backtrace:
Ordinal0 [0x004AC013+3194899]
Ordinal0 [0x00396021+2056225]
Ordinal0 [0x0022F608+587272]
Ordinal0 [0x001B1BF3+72691]
Ordinal0 [0x001AE229+57897]
Ordinal0 [0x001AC64A+50762]
Ordinal0 [0x001D1EE9+204521]
Ordinal0 [0x001D1D0D+204045]
Ordinal0 [0x001CFC1B+195611]
Ordinal0 [0x001B3B7F+80767]
Ordinal0 [0x001B4B4E+84814]
Ordinal0 [0x001B4AD9+84697]
Ordinal0 [0x003ACE64+2149988]
GetHandleVerifier [0x0061BE95+1400773]
GetHandleVerifier [0x0061BB61+1399953]
GetHandleVerifier [0x006231FA+1430314]
GetHandleVerifier [0x0061C69F+1402831]
Ordinal0 [0x003A3D61+2112865]
Ordinal0 [0x003AE5CB+2155979]
Ordinal0 [0x003AE6F5+2156277]
Ordinal0 [0x003BF26E+2224750]
BaseThreadInitThunk [0x75F26359+25]
RtlGetAppContainerNamedObjectPath [0x77758944+228]
RtlGetAppContainerNamedObjectPath [0x77758914+180]

at sun.reflect.NativeConstructorAccessorImpl.newInstance0(Native Method)
at sun.reflect.NativeConstructorAccessorImpl.newInstance(Unknown Source)
at sun.reflect.DelegatingConstructorAccessorImpl.newInstance(Unknown Source)
at java.lang.reflect.Constructor.newInstance(Unknown Source)
at org.openqa.selenium.remote.W3CHandshakeResponse.lambda$errorHandler$0(W3CHandshakeResponse.java:62)
at org.openqa.selenium.remote.HandshakeResponse.lambda$getResponseFunction$0(HandshakeResponse.java:30)
at org.openqa.selenium.remote.ProtocolHandshake.lambda$createSession$0(ProtocolHandshake.java:126)
at java.util.stream.ReferencePipeline$3$1.accept(Unknown Source)
at java.util.Spliterators$ArraySpliterator.tryAdvance(Unknown Source)
at java.util.stream.ReferencePipeline.forEachWithCancel(Unknown Source)
at java.util.stream.AbstractPipeline.copyIntoWithCancel(Unknown Source)
at java.util.stream.AbstractPipeline.copyInto(Unknown Source)
at java.util.stream.AbstractPipeline.wrapAndCopyInto(Unknown Source)
at java.util.stream.FindOps$FindOp.evaluateSequential(Unknown Source)
at java.util.stream.AbstractPipeline.evaluate(Unknown Source)
at java.util.stream.ReferencePipeline.findFirst(Unknown Source)
at org.openqa.selenium.remote.ProtocolHandshake.createSession(ProtocolHandshake.java:128)
at org.openqa.selenium.remote.ProtocolHandshake.createSession(ProtocolHandshake.java:74)
at org.openqa.selenium.remote.HttpCommandExecutor.execute(HttpCommandExecutor.java:136)
at org.openqa.selenium.remote.service.DriverCommandExecutor.execute(DriverCommandExecutor.java:83)
at org.openqa.selenium.remote.RemoteWebDriver.execute(RemoteWebDriver.java:552)
at org.openqa.selenium.remote.RemoteWebDriver.startSession(RemoteWebDriver.java:213)
at org.openqa.selenium.remote.RemoteWebDriver.<init>(RemoteWebDriver.java:131)
at org.openqa.selenium.chrome.ChromeDriver.<init>(ChromeDriver.java:181)
at org.openqa.selenium.chrome.ChromeDriver.<init>(ChromeDriver.java:168)
at org.openqa.selenium.chrome.ChromeDriver.<init>(ChromeDriver.java:123)
at Common.BaseClass.initDriver(BaseClass.java:24)
at sun.reflect.NativeMethodAccessorImpl.invoke0(Native Method)
at sun.reflect.NativeMethodAccessorImpl.invoke(Unknown Source)
at sun.reflect.DelegatingMethodAccessorImpl.invoke(Unknown Source)
at java.lang.reflect.Method.invoke(Unknown Source)
at org.testng.internal.MethodInvocationHelper.invokeMethod(MethodInvocationHelper.java:132)
at org.testng.internal.MethodInvocationHelper.invokeMethodConsideringTimeout(MethodInvocationHelper.java:61)
at org.testng.internal.ConfigInvoker.invokeConfigurationMethod(ConfigInvoker.java:366)
at org.testng.internal.ConfigInvoker.invokeConfigurations(ConfigInvoker.java:320)
at org.testng.SuiteRunner.privateRun(SuiteRunner.java:327)
at org.testng.SuiteRunner.run(SuiteRunner.java:286)
at org.testng.SuiteRunnerWorker.runSuite(SuiteRunnerWorker.java:53)
at org.testng.SuiteRunnerWorker.run(SuiteRunnerWorker.java:96)
at org.testng.TestNG.runSuitesSequentially(TestNG.java:1218)
at org.testng.TestNG.runSuitesLocally(TestNG.java:1140)
at org.testng.TestNG.runSuites(TestNG.java:1069)
at org.testng.TestNG.run(TestNG.java:1037)
at org.testng.remote.AbstractRemoteTestNG.run(AbstractRemoteTestNG.java:115)
at org.testng.remote.RemoteTestNG.initAndRun(RemoteTestNG.java:251)
at org.testng.remote.RemoteTestNG.main(RemoteTestNG.java:77)
]]>
    </error>
  </testcase> <!-- initDriver -->
  <system-out/>
</testsuite> <!-- TestFunctions.Login_Admin -->
