
<!DOCTYPE html>
<html>


<head>
	<meta charset='utf-8' /> 
	<meta name='description' content='' />
	<meta name='robots' content='noodp, noydir' />
	<meta name='viewport' content='width=device-width, initial-scale=1' />
	<meta id="timeStampFormat" name="timeStampFormat" content='MMM d, yyyy hh:mm:ss a'/>
	
	<link href='https://fonts.googleapis.com/css?family=Source+Sans+Pro:400,600' rel='stylesheet' type='text/css' />
	<link href="https://fonts.googleapis.com/icon?family=Material+Icons" rel="stylesheet" />

		<link href='https://cdn.rawgit.com/anshooarora/extentreports-java/b4a58fcfd1e137bd9287244035a7c80d3d73b3af/dist/css/extent.css' type='text/css' rel='stylesheet' />
	
	<title>C:\Users\yca\git\LTS_QA_Repository\LTS_DSA\reports\Extent_Tue_Jan_19_09_57_30_IST_2021.html</title>

	<style type='text/css'>
	</style>
</head>

	<body class='extent standard default hide-overflow '>
		<div id='theme-selector' alt='Click to toggle theme. To enable by default, use theme configuration.' title='Click to toggle theme. To enable by default, use theme configuration.'>
			<span><i class='material-icons'>desktop_windows</i></span>
		</div>

<nav>
	<div class="nav-wrapper">
		<a href="#!" class="brand-logo blue darken-3">Extent</a>

		<!-- slideout menu -->
		<ul id='slide-out' class='side-nav fixed hide-on-med-and-down'>
			<li class='waves-effect active'><a href='#!' view='test-view' onclick="configureView(0);chartsView('test');"><i class='material-icons'>dashboard</i></a></li>
						<li class='waves-effect'><a href='#!' onclick="configureView(-1);chartsView('dashboard');" view='dashboard-view'><i class='material-icons'>track_changes</i></i></a></li>
		</ul>

		<!-- report name -->
		<span class='report-name'>C:\Users\yca\git\LTS_QA_Repository\LTS_DSA\reports\Extent_Tue_Jan_19_09_57_30_IST_2021.html</span>
		
		<!-- report headline -->
		<span class='report-headline'></span>

		<!-- nav-right -->
		<ul id='nav-mobile' class='right hide-on-med-and-down nav-right'>
			<li>
                <a href='#!'>
                    <span class='label suite-start-time blue darken-3'>Jan 19, 2021 09:57:30 AM</span>
				</a>
			</li>
			<li>
                <a href='#!'>
                    <span class='label blue darken-3'>3.1.5</span>
				</a>
			</li>
		</ul>
	</div>
</nav>

		<!-- container -->
		<div class='container'>

<div id='test-view' class='view'>
				
	<section id='controls'>
		<div class='controls grey lighten-4'>
			<!-- test toggle -->
			<div class='chip transparent'>
				<a class='dropdown-button tests-toggle' data-activates='tests-toggle' data-constrainwidth='true' data-beloworigin='true' data-hover='true' href='#'>
					<i class='material-icons'>warning</i> Status
				</a>
				<ul id='tests-toggle' class='dropdown-content'>
											<li status='pass'><a href='#!'>Pass <i class='material-icons green-text'>check_circle</i></a></li>
						<li status='fail'><a href='#!'>Fail <i class='material-icons red-text'>cancel</i></a></li>
					<li class='divider'></li>
					<li status='clear' clear='true'><a href='#!'>Clear Filters <i class='material-icons'>clear</i></a></li>
				</ul>
			</div>
			<!-- test toggle -->

			<!-- category toggle -->
			<!-- category toggle -->

			<!-- clear filters -->
			<div class='chip transparent hide'>
				<a class='' id='clear-filters' alt='Clear Filters' title='Clear Filters'>
					<i class='material-icons'>close</i> Clear
				</a>
			</div>
			<!-- clear filters -->

			<!-- enable dashboard -->
			<div id='toggle-test-view-charts' class='chip transparent'>
				<a class='pink-text' id='enable-dashboard' alt='Enable Dashboard' title='Enable Dashboard'>
					<i class='material-icons'>track_changes</i> Dashboard
				</a>
			</div>
			<!-- enable dashboard -->

			<!-- search -->
			<div class='chip transparent' alt='Search Tests' title='Search Tests'>
				<a href="#" class='search-div'>
					<i class='material-icons'>search</i> Search
				</a>

				<div class='input-field left hide'>
					<input id='search-tests' type='text' class='validate browser-default' placeholder='Search Tests...'>
				</div>
				
			</div>
			<!-- search -->
		</div>
	</section>


<div id='test-view-charts' class='subview-full'>
	<div id='charts-row' class='row nm-v nm-h'>
		<div class='col s12 m6 l6 np-h'>
			<div class='card-panel nm-v'>
				<div class='left panel-name'>Tests</div>
				<div class='chart-box'>
					<canvas id='parent-analysis' width='100' height='80'></canvas>
				</div>
				<div class='block text-small'>
					<span class='tooltipped' data-position='top' data-tooltip='70.833%'><span class='strong'>17</span> test(s) passed</span>
				</div>
				<div class='block text-small'>
					<span class='strong tooltipped' data-position='top' data-tooltip='29.167%'>7</span> test(s) failed, <span class='strong tooltipped' data-position='top' data-tooltip='0%'>0</span> others
				</div>
			</div>
		</div>
		
		<div class='col s12 m6 l6 np-h'>
			<div class='card-panel nm-v'>
				<div class='left panel-name'>Steps</div>
				<div class='chart-box'>
					<canvas id='child-analysis' width='100' height='80'></canvas>
				</div>
				<div class='block text-small'>
					<span class='tooltipped' data-position='top' data-tooltip='54.839%'><span class='strong'>17</span> step(s) passed</span>
				</div>
				<div class='block text-small'>
					<span class='strong tooltipped' data-position='top' data-tooltip='45.161%'>14</span> step(s) failed, <span class='strong tooltipped' data-position='top' data-tooltip='0%'>0</span> others
				</div>
			</div>
		</div>
		
	</div>
</div>

	<div class='subview-left left'>
		
		<div class='view-summary'>
			<h5>Tests</h5>
			<ul id='test-collection' class='test-collection'>
				
				
				<li class='test displayed active  pass' status='pass' bdd='false' test-id='1'>
					<div class='test-heading'>
						<span class='test-name'>TestFunctions.LoginFunctions     @TestCase : verifyNegativeLogin</span>
						<span class='test-time'>Jan 19, 2021 09:57:38 AM</span>
						<span class='test-status right pass'>pass</span>
					</div>
					<div class='test-content hide'>
<div class='test-time-info'>
	<span class='label start-time'>Jan 19, 2021 09:57:38 AM</span>
	<span class='label end-time'>Jan 19, 2021 09:57:39 AM</span>
	<span class='label time-taken grey lighten-1 white-text'>0h 0m 1s+331ms</span>
</div>
	<div class='test-steps'>
		<table class='bordered table-results'>
			<thead>
				<tr>
					<th>Status</th>
					<th>Timestamp</th>
					<th>Details</th>
				</tr>
			</thead>
			<tbody>
				<tr class='log' status='pass'>
					<td class='status pass' title='pass' alt='pass'><i class='material-icons'>check_circle</i></td>
					<td class='timestamp'>9:57:39 AM</td>
					<td class='step-details'><span class='label white-text green'><b>TEST CASE:- VERIFYNEGATIVELOGIN PASSED</b></span></td>
				</tr>
			</tbody>
		</table>
	</div>
					</div>
				</li>
				
				
				<li class='test displayed active  fail' status='fail' bdd='false' test-id='2'>
					<div class='test-heading'>
						<span class='test-name'>TestFunctions.LoginFunctions     @TestCase : verifyLogin</span>
						<span class='test-time'>Jan 19, 2021 09:57:39 AM</span>
						<span class='test-status right fail'>fail</span>
					</div>
					<div class='test-content hide'>
<div class='test-time-info'>
	<span class='label start-time'>Jan 19, 2021 09:57:39 AM</span>
	<span class='label end-time'>Jan 19, 2021 09:57:50 AM</span>
	<span class='label time-taken grey lighten-1 white-text'>0h 0m 10s+684ms</span>
</div>
	<div class='test-steps'>
		<table class='bordered table-results'>
			<thead>
				<tr>
					<th>Status</th>
					<th>Timestamp</th>
					<th>Details</th>
				</tr>
			</thead>
			<tbody>
				<tr class='log' status='fail'>
					<td class='status fail' title='fail' alt='fail'><i class='material-icons'>cancel</i></td>
					<td class='timestamp'>9:57:50 AM</td>
					<td class='step-details'><details><summary><b><font color=red>Exception Occured:Click to see</font></b ></summary>[org.openqa.selenium.support.ui.WebDriverWait.timeoutException(WebDriverWait.java:95)<br> org.openqa.selenium.support.ui.FluentWait.until(FluentWait.java:272)<br> TestFunctions.LoginFunctions.verifyLogin(LoginFunctions.java:114)<br> sun.reflect.NativeMethodAccessorImpl.invoke0(Native Method)<br> sun.reflect.NativeMethodAccessorImpl.invoke(Unknown Source)<br> sun.reflect.DelegatingMethodAccessorImpl.invoke(Unknown Source)<br> java.lang.reflect.Method.invoke(Unknown Source)<br> org.testng.internal.MethodInvocationHelper.invokeMethod(MethodInvocationHelper.java:132)<br> org.testng.internal.TestInvoker.invokeMethod(TestInvoker.java:599)<br> org.testng.internal.TestInvoker.invokeTestMethod(TestInvoker.java:174)<br> org.testng.internal.MethodRunner.runInSequence(MethodRunner.java:46)<br> org.testng.internal.TestInvoker$MethodInvocationAgent.invoke(TestInvoker.java:822)<br> org.testng.internal.TestInvoker.invokeTestMethods(TestInvoker.java:147)<br> org.testng.internal.TestMethodWorker.invokeTestMethods(TestMethodWorker.java:146)<br> org.testng.internal.TestMethodWorker.run(TestMethodWorker.java:128)<br> java.util.ArrayList.forEach(Unknown Source)<br> org.testng.TestRunner.privateRun(TestRunner.java:764)<br> org.testng.TestRunner.run(TestRunner.java:585)<br> org.testng.SuiteRunner.runTest(SuiteRunner.java:384)<br> org.testng.SuiteRunner.runSequentially(SuiteRunner.java:378)<br> org.testng.SuiteRunner.privateRun(SuiteRunner.java:337)<br> org.testng.SuiteRunner.run(SuiteRunner.java:286)<br> org.testng.SuiteRunnerWorker.runSuite(SuiteRunnerWorker.java:53)<br> org.testng.SuiteRunnerWorker.run(SuiteRunnerWorker.java:96)<br> org.testng.TestNG.runSuitesSequentially(TestNG.java:1218)<br> org.testng.TestNG.runSuitesLocally(TestNG.java:1140)<br> org.testng.TestNG.runSuites(TestNG.java:1069)<br> org.testng.TestNG.run(TestNG.java:1037)<br> org.testng.remote.AbstractRemoteTestNG.run(AbstractRemoteTestNG.java:115)<br> org.testng.remote.RemoteTestNG.initAndRun(RemoteTestNG.java:251)<br> org.testng.remote.RemoteTestNG.main(RemoteTestNG.java:77)]</details></td>
				</tr>
				<tr class='log' status='fail'>
					<td class='status fail' title='fail' alt='fail'><i class='material-icons'>cancel</i></td>
					<td class='timestamp'>9:57:50 AM</td>
					<td class='step-details'><span class='label white-text red'>TEST CASE FAILED</span></td>
				</tr>
			</tbody>
		</table>
	</div>
					</div>
				</li>
				
				
				<li class='test displayed active  fail' status='fail' bdd='false' test-id='3'>
					<div class='test-heading'>
						<span class='test-name'>TestFunctions.AdminProfileFunctions     @TestCase : verifyProfileDetails</span>
						<span class='test-time'>Jan 19, 2021 09:57:50 AM</span>
						<span class='test-status right fail'>fail</span>
					</div>
					<div class='test-content hide'>
<div class='test-time-info'>
	<span class='label start-time'>Jan 19, 2021 09:57:50 AM</span>
	<span class='label end-time'>Jan 19, 2021 09:57:50 AM</span>
	<span class='label time-taken grey lighten-1 white-text'>0h 0m 0s+353ms</span>
</div>
	<div class='test-steps'>
		<table class='bordered table-results'>
			<thead>
				<tr>
					<th>Status</th>
					<th>Timestamp</th>
					<th>Details</th>
				</tr>
			</thead>
			<tbody>
				<tr class='log' status='fail'>
					<td class='status fail' title='fail' alt='fail'><i class='material-icons'>cancel</i></td>
					<td class='timestamp'>9:57:50 AM</td>
					<td class='step-details'><details><summary><b><font color=red>Exception Occured:Click to see</font></b ></summary>[org.testng.Assert.fail(Assert.java:99)<br> org.testng.Assert.fail(Assert.java:106)<br> TestFunctions.AdminProfileFunctions.verifyProfileDetails(AdminProfileFunctions.java:41)<br> sun.reflect.NativeMethodAccessorImpl.invoke0(Native Method)<br> sun.reflect.NativeMethodAccessorImpl.invoke(Unknown Source)<br> sun.reflect.DelegatingMethodAccessorImpl.invoke(Unknown Source)<br> java.lang.reflect.Method.invoke(Unknown Source)<br> org.testng.internal.MethodInvocationHelper.invokeMethod(MethodInvocationHelper.java:132)<br> org.testng.internal.TestInvoker.invokeMethod(TestInvoker.java:599)<br> org.testng.internal.TestInvoker.invokeTestMethod(TestInvoker.java:174)<br> org.testng.internal.MethodRunner.runInSequence(MethodRunner.java:46)<br> org.testng.internal.TestInvoker$MethodInvocationAgent.invoke(TestInvoker.java:822)<br> org.testng.internal.TestInvoker.invokeTestMethods(TestInvoker.java:147)<br> org.testng.internal.TestMethodWorker.invokeTestMethods(TestMethodWorker.java:146)<br> org.testng.internal.TestMethodWorker.run(TestMethodWorker.java:128)<br> java.util.ArrayList.forEach(Unknown Source)<br> org.testng.TestRunner.privateRun(TestRunner.java:764)<br> org.testng.TestRunner.run(TestRunner.java:585)<br> org.testng.SuiteRunner.runTest(SuiteRunner.java:384)<br> org.testng.SuiteRunner.runSequentially(SuiteRunner.java:378)<br> org.testng.SuiteRunner.privateRun(SuiteRunner.java:337)<br> org.testng.SuiteRunner.run(SuiteRunner.java:286)<br> org.testng.SuiteRunnerWorker.runSuite(SuiteRunnerWorker.java:53)<br> org.testng.SuiteRunnerWorker.run(SuiteRunnerWorker.java:96)<br> org.testng.TestNG.runSuitesSequentially(TestNG.java:1218)<br> org.testng.TestNG.runSuitesLocally(TestNG.java:1140)<br> org.testng.TestNG.runSuites(TestNG.java:1069)<br> org.testng.TestNG.run(TestNG.java:1037)<br> org.testng.remote.AbstractRemoteTestNG.run(AbstractRemoteTestNG.java:115)<br> org.testng.remote.RemoteTestNG.initAndRun(RemoteTestNG.java:251)<br> org.testng.remote.RemoteTestNG.main(RemoteTestNG.java:77)]</details></td>
				</tr>
				<tr class='log' status='fail'>
					<td class='status fail' title='fail' alt='fail'><i class='material-icons'>cancel</i></td>
					<td class='timestamp'>9:57:50 AM</td>
					<td class='step-details'><span class='label white-text red'>TEST CASE FAILED</span></td>
				</tr>
			</tbody>
		</table>
	</div>
					</div>
				</li>
				
				
				<li class='test displayed active  fail' status='fail' bdd='false' test-id='4'>
					<div class='test-heading'>
						<span class='test-name'>TestFunctions.AdminProfileFunctions     @TestCase : editProfile</span>
						<span class='test-time'>Jan 19, 2021 09:57:50 AM</span>
						<span class='test-status right fail'>fail</span>
					</div>
					<div class='test-content hide'>
<div class='test-time-info'>
	<span class='label start-time'>Jan 19, 2021 09:57:50 AM</span>
	<span class='label end-time'>Jan 19, 2021 09:58:10 AM</span>
	<span class='label time-taken grey lighten-1 white-text'>0h 0m 20s+18ms</span>
</div>
	<div class='test-steps'>
		<table class='bordered table-results'>
			<thead>
				<tr>
					<th>Status</th>
					<th>Timestamp</th>
					<th>Details</th>
				</tr>
			</thead>
			<tbody>
				<tr class='log' status='fail'>
					<td class='status fail' title='fail' alt='fail'><i class='material-icons'>cancel</i></td>
					<td class='timestamp'>9:58:10 AM</td>
					<td class='step-details'><details><summary><b><font color=red>Exception Occured:Click to see</font></b ></summary>[sun.reflect.NativeConstructorAccessorImpl.newInstance0(Native Method)<br> sun.reflect.NativeConstructorAccessorImpl.newInstance(Unknown Source)<br> sun.reflect.DelegatingConstructorAccessorImpl.newInstance(Unknown Source)<br> java.lang.reflect.Constructor.newInstance(Unknown Source)<br> org.openqa.selenium.remote.http.W3CHttpResponseCodec.createException(W3CHttpResponseCodec.java:187)<br> org.openqa.selenium.remote.http.W3CHttpResponseCodec.decode(W3CHttpResponseCodec.java:122)<br> org.openqa.selenium.remote.http.W3CHttpResponseCodec.decode(W3CHttpResponseCodec.java:49)<br> org.openqa.selenium.remote.HttpCommandExecutor.execute(HttpCommandExecutor.java:158)<br> org.openqa.selenium.remote.service.DriverCommandExecutor.execute(DriverCommandExecutor.java:83)<br> org.openqa.selenium.remote.RemoteWebDriver.execute(RemoteWebDriver.java:552)<br> org.openqa.selenium.remote.RemoteWebDriver.findElement(RemoteWebDriver.java:323)<br> org.openqa.selenium.remote.RemoteWebDriver.findElementByXPath(RemoteWebDriver.java:428)<br> org.openqa.selenium.By$ByXPath.findElement(By.java:353)<br> org.openqa.selenium.remote.RemoteWebDriver.findElement(RemoteWebDriver.java:315)<br> org.openqa.selenium.support.pagefactory.DefaultElementLocator.findElement(DefaultElementLocator.java:69)<br> org.openqa.selenium.support.pagefactory.internal.LocatingElementHandler.invoke(LocatingElementHandler.java:38)<br> com.sun.proxy.$Proxy8.click(Unknown Source)<br> TestFunctions.AdminProfileFunctions.editProfile(AdminProfileFunctions.java:110)<br> sun.reflect.NativeMethodAccessorImpl.invoke0(Native Method)<br> sun.reflect.NativeMethodAccessorImpl.invoke(Unknown Source)<br> sun.reflect.DelegatingMethodAccessorImpl.invoke(Unknown Source)<br> java.lang.reflect.Method.invoke(Unknown Source)<br> org.testng.internal.MethodInvocationHelper.invokeMethod(MethodInvocationHelper.java:132)<br> org.testng.internal.TestInvoker.invokeMethod(TestInvoker.java:599)<br> org.testng.internal.TestInvoker.invokeTestMethod(TestInvoker.java:174)<br> org.testng.internal.MethodRunner.runInSequence(MethodRunner.java:46)<br> org.testng.internal.TestInvoker$MethodInvocationAgent.invoke(TestInvoker.java:822)<br> org.testng.internal.TestInvoker.invokeTestMethods(TestInvoker.java:147)<br> org.testng.internal.TestMethodWorker.invokeTestMethods(TestMethodWorker.java:146)<br> org.testng.internal.TestMethodWorker.run(TestMethodWorker.java:128)<br> java.util.ArrayList.forEach(Unknown Source)<br> org.testng.TestRunner.privateRun(TestRunner.java:764)<br> org.testng.TestRunner.run(TestRunner.java:585)<br> org.testng.SuiteRunner.runTest(SuiteRunner.java:384)<br> org.testng.SuiteRunner.runSequentially(SuiteRunner.java:378)<br> org.testng.SuiteRunner.privateRun(SuiteRunner.java:337)<br> org.testng.SuiteRunner.run(SuiteRunner.java:286)<br> org.testng.SuiteRunnerWorker.runSuite(SuiteRunnerWorker.java:53)<br> org.testng.SuiteRunnerWorker.run(SuiteRunnerWorker.java:96)<br> org.testng.TestNG.runSuitesSequentially(TestNG.java:1218)<br> org.testng.TestNG.runSuitesLocally(TestNG.java:1140)<br> org.testng.TestNG.runSuites(TestNG.java:1069)<br> org.testng.TestNG.run(TestNG.java:1037)<br> org.testng.remote.AbstractRemoteTestNG.run(AbstractRemoteTestNG.java:115)<br> org.testng.remote.RemoteTestNG.initAndRun(RemoteTestNG.java:251)<br> org.testng.remote.RemoteTestNG.main(RemoteTestNG.java:77)]</details></td>
				</tr>
				<tr class='log' status='fail'>
					<td class='status fail' title='fail' alt='fail'><i class='material-icons'>cancel</i></td>
					<td class='timestamp'>9:58:10 AM</td>
					<td class='step-details'><span class='label white-text red'>TEST CASE FAILED</span></td>
				</tr>
			</tbody>
		</table>
	</div>
					</div>
				</li>
				
				
				<li class='test displayed active  pass' status='pass' bdd='false' test-id='5'>
					<div class='test-heading'>
						<span class='test-name'>TestFunctions.SettingsFunctions_CourseOfStudy     @TestCase : addCourseOfStudy</span>
						<span class='test-time'>Jan 19, 2021 09:58:10 AM</span>
						<span class='test-status right pass'>pass</span>
					</div>
					<div class='test-content hide'>
<div class='test-time-info'>
	<span class='label start-time'>Jan 19, 2021 09:58:10 AM</span>
	<span class='label end-time'>Jan 19, 2021 09:58:17 AM</span>
	<span class='label time-taken grey lighten-1 white-text'>0h 0m 6s+958ms</span>
</div>
	<div class='test-steps'>
		<table class='bordered table-results'>
			<thead>
				<tr>
					<th>Status</th>
					<th>Timestamp</th>
					<th>Details</th>
				</tr>
			</thead>
			<tbody>
				<tr class='log' status='pass'>
					<td class='status pass' title='pass' alt='pass'><i class='material-icons'>check_circle</i></td>
					<td class='timestamp'>9:58:17 AM</td>
					<td class='step-details'><span class='label white-text green'><b>TEST CASE:- ADDCOURSEOFSTUDY PASSED</b></span></td>
				</tr>
			</tbody>
		</table>
	</div>
					</div>
				</li>
				
				
				<li class='test displayed active  pass' status='pass' bdd='false' test-id='6'>
					<div class='test-heading'>
						<span class='test-name'>TestFunctions.SettingsFunctions_CourseOfStudy     @TestCase : updateStatus</span>
						<span class='test-time'>Jan 19, 2021 09:58:17 AM</span>
						<span class='test-status right pass'>pass</span>
					</div>
					<div class='test-content hide'>
<div class='test-time-info'>
	<span class='label start-time'>Jan 19, 2021 09:58:17 AM</span>
	<span class='label end-time'>Jan 19, 2021 09:58:22 AM</span>
	<span class='label time-taken grey lighten-1 white-text'>0h 0m 4s+483ms</span>
</div>
	<div class='test-steps'>
		<table class='bordered table-results'>
			<thead>
				<tr>
					<th>Status</th>
					<th>Timestamp</th>
					<th>Details</th>
				</tr>
			</thead>
			<tbody>
				<tr class='log' status='pass'>
					<td class='status pass' title='pass' alt='pass'><i class='material-icons'>check_circle</i></td>
					<td class='timestamp'>9:58:22 AM</td>
					<td class='step-details'><span class='label white-text green'><b>TEST CASE:- UPDATESTATUS PASSED</b></span></td>
				</tr>
			</tbody>
		</table>
	</div>
					</div>
				</li>
				
				
				<li class='test displayed active  pass' status='pass' bdd='false' test-id='7'>
					<div class='test-heading'>
						<span class='test-name'>TestFunctions.SettingsFunctions_CourseOfStudy     @TestCase : editCourse</span>
						<span class='test-time'>Jan 19, 2021 09:58:22 AM</span>
						<span class='test-status right pass'>pass</span>
					</div>
					<div class='test-content hide'>
<div class='test-time-info'>
	<span class='label start-time'>Jan 19, 2021 09:58:22 AM</span>
	<span class='label end-time'>Jan 19, 2021 09:58:27 AM</span>
	<span class='label time-taken grey lighten-1 white-text'>0h 0m 5s+220ms</span>
</div>
	<div class='test-steps'>
		<table class='bordered table-results'>
			<thead>
				<tr>
					<th>Status</th>
					<th>Timestamp</th>
					<th>Details</th>
				</tr>
			</thead>
			<tbody>
				<tr class='log' status='pass'>
					<td class='status pass' title='pass' alt='pass'><i class='material-icons'>check_circle</i></td>
					<td class='timestamp'>9:58:27 AM</td>
					<td class='step-details'><span class='label white-text green'><b>TEST CASE:- EDITCOURSE PASSED</b></span></td>
				</tr>
			</tbody>
		</table>
	</div>
					</div>
				</li>
				
				
				<li class='test displayed active  pass' status='pass' bdd='false' test-id='8'>
					<div class='test-heading'>
						<span class='test-name'>TestFunctions.SettingsFunctions_CourseOfStudy     @TestCase : deleteCourse</span>
						<span class='test-time'>Jan 19, 2021 09:58:27 AM</span>
						<span class='test-status right pass'>pass</span>
					</div>
					<div class='test-content hide'>
<div class='test-time-info'>
	<span class='label start-time'>Jan 19, 2021 09:58:27 AM</span>
	<span class='label end-time'>Jan 19, 2021 09:58:31 AM</span>
	<span class='label time-taken grey lighten-1 white-text'>0h 0m 4s+427ms</span>
</div>
	<div class='test-steps'>
		<table class='bordered table-results'>
			<thead>
				<tr>
					<th>Status</th>
					<th>Timestamp</th>
					<th>Details</th>
				</tr>
			</thead>
			<tbody>
				<tr class='log' status='pass'>
					<td class='status pass' title='pass' alt='pass'><i class='material-icons'>check_circle</i></td>
					<td class='timestamp'>9:58:31 AM</td>
					<td class='step-details'><span class='label white-text green'><b>TEST CASE:- DELETECOURSE PASSED</b></span></td>
				</tr>
			</tbody>
		</table>
	</div>
					</div>
				</li>
				
				
				<li class='test displayed active  pass' status='pass' bdd='false' test-id='9'>
					<div class='test-heading'>
						<span class='test-name'>TestFunctions.SettingsFunctions_Organisation     @TestCase : addOrganisation</span>
						<span class='test-time'>Jan 19, 2021 09:58:31 AM</span>
						<span class='test-status right pass'>pass</span>
					</div>
					<div class='test-content hide'>
<div class='test-time-info'>
	<span class='label start-time'>Jan 19, 2021 09:58:31 AM</span>
	<span class='label end-time'>Jan 19, 2021 09:58:39 AM</span>
	<span class='label time-taken grey lighten-1 white-text'>0h 0m 7s+673ms</span>
</div>
	<div class='test-steps'>
		<table class='bordered table-results'>
			<thead>
				<tr>
					<th>Status</th>
					<th>Timestamp</th>
					<th>Details</th>
				</tr>
			</thead>
			<tbody>
				<tr class='log' status='pass'>
					<td class='status pass' title='pass' alt='pass'><i class='material-icons'>check_circle</i></td>
					<td class='timestamp'>9:58:39 AM</td>
					<td class='step-details'><span class='label white-text green'><b>TEST CASE:- ADDORGANISATION PASSED</b></span></td>
				</tr>
			</tbody>
		</table>
	</div>
					</div>
				</li>
				
				
				<li class='test displayed active  pass' status='pass' bdd='false' test-id='10'>
					<div class='test-heading'>
						<span class='test-name'>TestFunctions.SettingsFunctions_Organisation     @TestCase : updateStatus</span>
						<span class='test-time'>Jan 19, 2021 09:58:39 AM</span>
						<span class='test-status right pass'>pass</span>
					</div>
					<div class='test-content hide'>
<div class='test-time-info'>
	<span class='label start-time'>Jan 19, 2021 09:58:39 AM</span>
	<span class='label end-time'>Jan 19, 2021 09:58:43 AM</span>
	<span class='label time-taken grey lighten-1 white-text'>0h 0m 4s+449ms</span>
</div>
	<div class='test-steps'>
		<table class='bordered table-results'>
			<thead>
				<tr>
					<th>Status</th>
					<th>Timestamp</th>
					<th>Details</th>
				</tr>
			</thead>
			<tbody>
				<tr class='log' status='pass'>
					<td class='status pass' title='pass' alt='pass'><i class='material-icons'>check_circle</i></td>
					<td class='timestamp'>9:58:43 AM</td>
					<td class='step-details'><span class='label white-text green'><b>TEST CASE:- UPDATESTATUS PASSED</b></span></td>
				</tr>
			</tbody>
		</table>
	</div>
					</div>
				</li>
				
				
				<li class='test displayed active  pass' status='pass' bdd='false' test-id='11'>
					<div class='test-heading'>
						<span class='test-name'>TestFunctions.SettingsFunctions_Organisation     @TestCase : editOrganisation</span>
						<span class='test-time'>Jan 19, 2021 09:58:43 AM</span>
						<span class='test-status right pass'>pass</span>
					</div>
					<div class='test-content hide'>
<div class='test-time-info'>
	<span class='label start-time'>Jan 19, 2021 09:58:43 AM</span>
	<span class='label end-time'>Jan 19, 2021 09:58:49 AM</span>
	<span class='label time-taken grey lighten-1 white-text'>0h 0m 5s+340ms</span>
</div>
	<div class='test-steps'>
		<table class='bordered table-results'>
			<thead>
				<tr>
					<th>Status</th>
					<th>Timestamp</th>
					<th>Details</th>
				</tr>
			</thead>
			<tbody>
				<tr class='log' status='pass'>
					<td class='status pass' title='pass' alt='pass'><i class='material-icons'>check_circle</i></td>
					<td class='timestamp'>9:58:49 AM</td>
					<td class='step-details'><span class='label white-text green'><b>TEST CASE:- EDITORGANISATION PASSED</b></span></td>
				</tr>
			</tbody>
		</table>
	</div>
					</div>
				</li>
				
				
				<li class='test displayed active  fail' status='fail' bdd='false' test-id='12'>
					<div class='test-heading'>
						<span class='test-name'>TestFunctions.SettingsFunctions_Organisation     @TestCase : deleteOrganisation</span>
						<span class='test-time'>Jan 19, 2021 09:58:49 AM</span>
						<span class='test-status right fail'>fail</span>
					</div>
					<div class='test-content hide'>
<div class='test-time-info'>
	<span class='label start-time'>Jan 19, 2021 09:58:49 AM</span>
	<span class='label end-time'>Jan 19, 2021 09:58:53 AM</span>
	<span class='label time-taken grey lighten-1 white-text'>0h 0m 4s+444ms</span>
</div>
	<div class='test-steps'>
		<table class='bordered table-results'>
			<thead>
				<tr>
					<th>Status</th>
					<th>Timestamp</th>
					<th>Details</th>
				</tr>
			</thead>
			<tbody>
				<tr class='log' status='fail'>
					<td class='status fail' title='fail' alt='fail'><i class='material-icons'>cancel</i></td>
					<td class='timestamp'>9:58:53 AM</td>
					<td class='step-details'><details><summary><b><font color=red>Exception Occured:Click to see</font></b ></summary>[org.testng.Assert.fail(Assert.java:99)<br> org.testng.Assert.fail(Assert.java:106)<br> TestFunctions.SettingsFunctions_Organisation.deleteOrganisation(SettingsFunctions_Organisation.java:196)<br> sun.reflect.NativeMethodAccessorImpl.invoke0(Native Method)<br> sun.reflect.NativeMethodAccessorImpl.invoke(Unknown Source)<br> sun.reflect.DelegatingMethodAccessorImpl.invoke(Unknown Source)<br> java.lang.reflect.Method.invoke(Unknown Source)<br> org.testng.internal.MethodInvocationHelper.invokeMethod(MethodInvocationHelper.java:132)<br> org.testng.internal.TestInvoker.invokeMethod(TestInvoker.java:599)<br> org.testng.internal.TestInvoker.invokeTestMethod(TestInvoker.java:174)<br> org.testng.internal.MethodRunner.runInSequence(MethodRunner.java:46)<br> org.testng.internal.TestInvoker$MethodInvocationAgent.invoke(TestInvoker.java:822)<br> org.testng.internal.TestInvoker.invokeTestMethods(TestInvoker.java:147)<br> org.testng.internal.TestMethodWorker.invokeTestMethods(TestMethodWorker.java:146)<br> org.testng.internal.TestMethodWorker.run(TestMethodWorker.java:128)<br> java.util.ArrayList.forEach(Unknown Source)<br> org.testng.TestRunner.privateRun(TestRunner.java:764)<br> org.testng.TestRunner.run(TestRunner.java:585)<br> org.testng.SuiteRunner.runTest(SuiteRunner.java:384)<br> org.testng.SuiteRunner.runSequentially(SuiteRunner.java:378)<br> org.testng.SuiteRunner.privateRun(SuiteRunner.java:337)<br> org.testng.SuiteRunner.run(SuiteRunner.java:286)<br> org.testng.SuiteRunnerWorker.runSuite(SuiteRunnerWorker.java:53)<br> org.testng.SuiteRunnerWorker.run(SuiteRunnerWorker.java:96)<br> org.testng.TestNG.runSuitesSequentially(TestNG.java:1218)<br> org.testng.TestNG.runSuitesLocally(TestNG.java:1140)<br> org.testng.TestNG.runSuites(TestNG.java:1069)<br> org.testng.TestNG.run(TestNG.java:1037)<br> org.testng.remote.AbstractRemoteTestNG.run(AbstractRemoteTestNG.java:115)<br> org.testng.remote.RemoteTestNG.initAndRun(RemoteTestNG.java:251)<br> org.testng.remote.RemoteTestNG.main(RemoteTestNG.java:77)]</details></td>
				</tr>
				<tr class='log' status='fail'>
					<td class='status fail' title='fail' alt='fail'><i class='material-icons'>cancel</i></td>
					<td class='timestamp'>9:58:53 AM</td>
					<td class='step-details'><span class='label white-text red'>TEST CASE FAILED</span></td>
				</tr>
			</tbody>
		</table>
	</div>
					</div>
				</li>
				
				
				<li class='test displayed active  pass' status='pass' bdd='false' test-id='13'>
					<div class='test-heading'>
						<span class='test-name'>TestFunctions.SettingsFunctions_Institution     @TestCase : addInstitution</span>
						<span class='test-time'>Jan 19, 2021 09:58:53 AM</span>
						<span class='test-status right pass'>pass</span>
					</div>
					<div class='test-content hide'>
<div class='test-time-info'>
	<span class='label start-time'>Jan 19, 2021 09:58:53 AM</span>
	<span class='label end-time'>Jan 19, 2021 09:59:01 AM</span>
	<span class='label time-taken grey lighten-1 white-text'>0h 0m 7s+619ms</span>
</div>
	<div class='test-steps'>
		<table class='bordered table-results'>
			<thead>
				<tr>
					<th>Status</th>
					<th>Timestamp</th>
					<th>Details</th>
				</tr>
			</thead>
			<tbody>
				<tr class='log' status='pass'>
					<td class='status pass' title='pass' alt='pass'><i class='material-icons'>check_circle</i></td>
					<td class='timestamp'>9:59:01 AM</td>
					<td class='step-details'><span class='label white-text green'><b>TEST CASE:- ADDINSTITUTION PASSED</b></span></td>
				</tr>
			</tbody>
		</table>
	</div>
					</div>
				</li>
				
				
				<li class='test displayed active  pass' status='pass' bdd='false' test-id='14'>
					<div class='test-heading'>
						<span class='test-name'>TestFunctions.SettingsFunctions_Institution     @TestCase : updateStatus</span>
						<span class='test-time'>Jan 19, 2021 09:59:01 AM</span>
						<span class='test-status right pass'>pass</span>
					</div>
					<div class='test-content hide'>
<div class='test-time-info'>
	<span class='label start-time'>Jan 19, 2021 09:59:01 AM</span>
	<span class='label end-time'>Jan 19, 2021 09:59:05 AM</span>
	<span class='label time-taken grey lighten-1 white-text'>0h 0m 4s+448ms</span>
</div>
	<div class='test-steps'>
		<table class='bordered table-results'>
			<thead>
				<tr>
					<th>Status</th>
					<th>Timestamp</th>
					<th>Details</th>
				</tr>
			</thead>
			<tbody>
				<tr class='log' status='pass'>
					<td class='status pass' title='pass' alt='pass'><i class='material-icons'>check_circle</i></td>
					<td class='timestamp'>9:59:05 AM</td>
					<td class='step-details'><span class='label white-text green'><b>TEST CASE:- UPDATESTATUS PASSED</b></span></td>
				</tr>
			</tbody>
		</table>
	</div>
					</div>
				</li>
				
				
				<li class='test displayed active  fail' status='fail' bdd='false' test-id='15'>
					<div class='test-heading'>
						<span class='test-name'>TestFunctions.SettingsFunctions_Institution     @TestCase : editCourse</span>
						<span class='test-time'>Jan 19, 2021 09:59:05 AM</span>
						<span class='test-status right fail'>fail</span>
					</div>
					<div class='test-content hide'>
<div class='test-time-info'>
	<span class='label start-time'>Jan 19, 2021 09:59:05 AM</span>
	<span class='label end-time'>Jan 19, 2021 09:59:11 AM</span>
	<span class='label time-taken grey lighten-1 white-text'>0h 0m 5s+371ms</span>
</div>
	<div class='test-steps'>
		<table class='bordered table-results'>
			<thead>
				<tr>
					<th>Status</th>
					<th>Timestamp</th>
					<th>Details</th>
				</tr>
			</thead>
			<tbody>
				<tr class='log' status='fail'>
					<td class='status fail' title='fail' alt='fail'><i class='material-icons'>cancel</i></td>
					<td class='timestamp'>9:59:11 AM</td>
					<td class='step-details'><details><summary><b><font color=red>Exception Occured:Click to see</font></b ></summary>[org.testng.Assert.fail(Assert.java:99)<br> org.testng.Assert.fail(Assert.java:106)<br> TestFunctions.SettingsFunctions_Institution.editCourse(SettingsFunctions_Institution.java:141)<br> sun.reflect.NativeMethodAccessorImpl.invoke0(Native Method)<br> sun.reflect.NativeMethodAccessorImpl.invoke(Unknown Source)<br> sun.reflect.DelegatingMethodAccessorImpl.invoke(Unknown Source)<br> java.lang.reflect.Method.invoke(Unknown Source)<br> org.testng.internal.MethodInvocationHelper.invokeMethod(MethodInvocationHelper.java:132)<br> org.testng.internal.TestInvoker.invokeMethod(TestInvoker.java:599)<br> org.testng.internal.TestInvoker.invokeTestMethod(TestInvoker.java:174)<br> org.testng.internal.MethodRunner.runInSequence(MethodRunner.java:46)<br> org.testng.internal.TestInvoker$MethodInvocationAgent.invoke(TestInvoker.java:822)<br> org.testng.internal.TestInvoker.invokeTestMethods(TestInvoker.java:147)<br> org.testng.internal.TestMethodWorker.invokeTestMethods(TestMethodWorker.java:146)<br> org.testng.internal.TestMethodWorker.run(TestMethodWorker.java:128)<br> java.util.ArrayList.forEach(Unknown Source)<br> org.testng.TestRunner.privateRun(TestRunner.java:764)<br> org.testng.TestRunner.run(TestRunner.java:585)<br> org.testng.SuiteRunner.runTest(SuiteRunner.java:384)<br> org.testng.SuiteRunner.runSequentially(SuiteRunner.java:378)<br> org.testng.SuiteRunner.privateRun(SuiteRunner.java:337)<br> org.testng.SuiteRunner.run(SuiteRunner.java:286)<br> org.testng.SuiteRunnerWorker.runSuite(SuiteRunnerWorker.java:53)<br> org.testng.SuiteRunnerWorker.run(SuiteRunnerWorker.java:96)<br> org.testng.TestNG.runSuitesSequentially(TestNG.java:1218)<br> org.testng.TestNG.runSuitesLocally(TestNG.java:1140)<br> org.testng.TestNG.runSuites(TestNG.java:1069)<br> org.testng.TestNG.run(TestNG.java:1037)<br> org.testng.remote.AbstractRemoteTestNG.run(AbstractRemoteTestNG.java:115)<br> org.testng.remote.RemoteTestNG.initAndRun(RemoteTestNG.java:251)<br> org.testng.remote.RemoteTestNG.main(RemoteTestNG.java:77)]</details></td>
				</tr>
				<tr class='log' status='fail'>
					<td class='status fail' title='fail' alt='fail'><i class='material-icons'>cancel</i></td>
					<td class='timestamp'>9:59:11 AM</td>
					<td class='step-details'><span class='label white-text red'>TEST CASE FAILED</span></td>
				</tr>
			</tbody>
		</table>
	</div>
					</div>
				</li>
				
				
				<li class='test displayed active  pass' status='pass' bdd='false' test-id='16'>
					<div class='test-heading'>
						<span class='test-name'>TestFunctions.SettingsFunctions_Institution     @TestCase : deleteCourse</span>
						<span class='test-time'>Jan 19, 2021 09:59:11 AM</span>
						<span class='test-status right pass'>pass</span>
					</div>
					<div class='test-content hide'>
<div class='test-time-info'>
	<span class='label start-time'>Jan 19, 2021 09:59:11 AM</span>
	<span class='label end-time'>Jan 19, 2021 09:59:15 AM</span>
	<span class='label time-taken grey lighten-1 white-text'>0h 0m 4s+526ms</span>
</div>
	<div class='test-steps'>
		<table class='bordered table-results'>
			<thead>
				<tr>
					<th>Status</th>
					<th>Timestamp</th>
					<th>Details</th>
				</tr>
			</thead>
			<tbody>
				<tr class='log' status='pass'>
					<td class='status pass' title='pass' alt='pass'><i class='material-icons'>check_circle</i></td>
					<td class='timestamp'>9:59:15 AM</td>
					<td class='step-details'><span class='label white-text green'><b>TEST CASE:- DELETECOURSE PASSED</b></span></td>
				</tr>
			</tbody>
		</table>
	</div>
					</div>
				</li>
				
				
				<li class='test displayed active  pass' status='pass' bdd='false' test-id='17'>
					<div class='test-heading'>
						<span class='test-name'>TestFunctions.SettingsFunctions_SupportType     @TestCase : addSupportType</span>
						<span class='test-time'>Jan 19, 2021 09:59:15 AM</span>
						<span class='test-status right pass'>pass</span>
					</div>
					<div class='test-content hide'>
<div class='test-time-info'>
	<span class='label start-time'>Jan 19, 2021 09:59:15 AM</span>
	<span class='label end-time'>Jan 19, 2021 09:59:23 AM</span>
	<span class='label time-taken grey lighten-1 white-text'>0h 0m 7s+602ms</span>
</div>
	<div class='test-steps'>
		<table class='bordered table-results'>
			<thead>
				<tr>
					<th>Status</th>
					<th>Timestamp</th>
					<th>Details</th>
				</tr>
			</thead>
			<tbody>
				<tr class='log' status='pass'>
					<td class='status pass' title='pass' alt='pass'><i class='material-icons'>check_circle</i></td>
					<td class='timestamp'>9:59:23 AM</td>
					<td class='step-details'><span class='label white-text green'><b>TEST CASE:- ADDSUPPORTTYPE PASSED</b></span></td>
				</tr>
			</tbody>
		</table>
	</div>
					</div>
				</li>
				
				
				<li class='test displayed active  pass' status='pass' bdd='false' test-id='18'>
					<div class='test-heading'>
						<span class='test-name'>TestFunctions.SettingsFunctions_SupportType     @TestCase : updateStatus</span>
						<span class='test-time'>Jan 19, 2021 09:59:23 AM</span>
						<span class='test-status right pass'>pass</span>
					</div>
					<div class='test-content hide'>
<div class='test-time-info'>
	<span class='label start-time'>Jan 19, 2021 09:59:23 AM</span>
	<span class='label end-time'>Jan 19, 2021 09:59:27 AM</span>
	<span class='label time-taken grey lighten-1 white-text'>0h 0m 4s+498ms</span>
</div>
	<div class='test-steps'>
		<table class='bordered table-results'>
			<thead>
				<tr>
					<th>Status</th>
					<th>Timestamp</th>
					<th>Details</th>
				</tr>
			</thead>
			<tbody>
				<tr class='log' status='pass'>
					<td class='status pass' title='pass' alt='pass'><i class='material-icons'>check_circle</i></td>
					<td class='timestamp'>9:59:27 AM</td>
					<td class='step-details'><span class='label white-text green'><b>TEST CASE:- UPDATESTATUS PASSED</b></span></td>
				</tr>
			</tbody>
		</table>
	</div>
					</div>
				</li>
				
				
				<li class='test displayed active  pass' status='pass' bdd='false' test-id='19'>
					<div class='test-heading'>
						<span class='test-name'>TestFunctions.SettingsFunctions_SupportType     @TestCase : editSupportType</span>
						<span class='test-time'>Jan 19, 2021 09:59:27 AM</span>
						<span class='test-status right pass'>pass</span>
					</div>
					<div class='test-content hide'>
<div class='test-time-info'>
	<span class='label start-time'>Jan 19, 2021 09:59:27 AM</span>
	<span class='label end-time'>Jan 19, 2021 09:59:33 AM</span>
	<span class='label time-taken grey lighten-1 white-text'>0h 0m 5s+351ms</span>
</div>
	<div class='test-steps'>
		<table class='bordered table-results'>
			<thead>
				<tr>
					<th>Status</th>
					<th>Timestamp</th>
					<th>Details</th>
				</tr>
			</thead>
			<tbody>
				<tr class='log' status='pass'>
					<td class='status pass' title='pass' alt='pass'><i class='material-icons'>check_circle</i></td>
					<td class='timestamp'>9:59:33 AM</td>
					<td class='step-details'><span class='label white-text green'><b>TEST CASE:- EDITSUPPORTTYPE PASSED</b></span></td>
				</tr>
			</tbody>
		</table>
	</div>
					</div>
				</li>
				
				
				<li class='test displayed active  fail' status='fail' bdd='false' test-id='20'>
					<div class='test-heading'>
						<span class='test-name'>TestFunctions.SettingsFunctions_SupportType     @TestCase : deleteSupportType</span>
						<span class='test-time'>Jan 19, 2021 09:59:33 AM</span>
						<span class='test-status right fail'>fail</span>
					</div>
					<div class='test-content hide'>
<div class='test-time-info'>
	<span class='label start-time'>Jan 19, 2021 09:59:33 AM</span>
	<span class='label end-time'>Jan 19, 2021 09:59:55 AM</span>
	<span class='label time-taken grey lighten-1 white-text'>0h 0m 22s+521ms</span>
</div>
	<div class='test-steps'>
		<table class='bordered table-results'>
			<thead>
				<tr>
					<th>Status</th>
					<th>Timestamp</th>
					<th>Details</th>
				</tr>
			</thead>
			<tbody>
				<tr class='log' status='fail'>
					<td class='status fail' title='fail' alt='fail'><i class='material-icons'>cancel</i></td>
					<td class='timestamp'>9:59:55 AM</td>
					<td class='step-details'><details><summary><b><font color=red>Exception Occured:Click to see</font></b ></summary>[org.testng.Assert.fail(Assert.java:99)<br> org.testng.Assert.fail(Assert.java:106)<br> TestFunctions.SettingsFunctions_SupportType.deleteSupportType(SettingsFunctions_SupportType.java:196)<br> sun.reflect.NativeMethodAccessorImpl.invoke0(Native Method)<br> sun.reflect.NativeMethodAccessorImpl.invoke(Unknown Source)<br> sun.reflect.DelegatingMethodAccessorImpl.invoke(Unknown Source)<br> java.lang.reflect.Method.invoke(Unknown Source)<br> org.testng.internal.MethodInvocationHelper.invokeMethod(MethodInvocationHelper.java:132)<br> org.testng.internal.TestInvoker.invokeMethod(TestInvoker.java:599)<br> org.testng.internal.TestInvoker.invokeTestMethod(TestInvoker.java:174)<br> org.testng.internal.MethodRunner.runInSequence(MethodRunner.java:46)<br> org.testng.internal.TestInvoker$MethodInvocationAgent.invoke(TestInvoker.java:822)<br> org.testng.internal.TestInvoker.invokeTestMethods(TestInvoker.java:147)<br> org.testng.internal.TestMethodWorker.invokeTestMethods(TestMethodWorker.java:146)<br> org.testng.internal.TestMethodWorker.run(TestMethodWorker.java:128)<br> java.util.ArrayList.forEach(Unknown Source)<br> org.testng.TestRunner.privateRun(TestRunner.java:764)<br> org.testng.TestRunner.run(TestRunner.java:585)<br> org.testng.SuiteRunner.runTest(SuiteRunner.java:384)<br> org.testng.SuiteRunner.runSequentially(SuiteRunner.java:378)<br> org.testng.SuiteRunner.privateRun(SuiteRunner.java:337)<br> org.testng.SuiteRunner.run(SuiteRunner.java:286)<br> org.testng.SuiteRunnerWorker.runSuite(SuiteRunnerWorker.java:53)<br> org.testng.SuiteRunnerWorker.run(SuiteRunnerWorker.java:96)<br> org.testng.TestNG.runSuitesSequentially(TestNG.java:1218)<br> org.testng.TestNG.runSuitesLocally(TestNG.java:1140)<br> org.testng.TestNG.runSuites(TestNG.java:1069)<br> org.testng.TestNG.run(TestNG.java:1037)<br> org.testng.remote.AbstractRemoteTestNG.run(AbstractRemoteTestNG.java:115)<br> org.testng.remote.RemoteTestNG.initAndRun(RemoteTestNG.java:251)<br> org.testng.remote.RemoteTestNG.main(RemoteTestNG.java:77)]</details></td>
				</tr>
				<tr class='log' status='fail'>
					<td class='status fail' title='fail' alt='fail'><i class='material-icons'>cancel</i></td>
					<td class='timestamp'>9:59:55 AM</td>
					<td class='step-details'><span class='label white-text red'>TEST CASE FAILED</span></td>
				</tr>
			</tbody>
		</table>
	</div>
					</div>
				</li>
				
				
				<li class='test displayed active  pass' status='pass' bdd='false' test-id='21'>
					<div class='test-heading'>
						<span class='test-name'>TestFunctions.SettingsFunctions_Role     @TestCase : addRole</span>
						<span class='test-time'>Jan 19, 2021 09:59:55 AM</span>
						<span class='test-status right pass'>pass</span>
					</div>
					<div class='test-content hide'>
<div class='test-time-info'>
	<span class='label start-time'>Jan 19, 2021 09:59:55 AM</span>
	<span class='label end-time'>Jan 19, 2021 10:00:03 AM</span>
	<span class='label time-taken grey lighten-1 white-text'>0h 0m 7s+736ms</span>
</div>
	<div class='test-steps'>
		<table class='bordered table-results'>
			<thead>
				<tr>
					<th>Status</th>
					<th>Timestamp</th>
					<th>Details</th>
				</tr>
			</thead>
			<tbody>
				<tr class='log' status='pass'>
					<td class='status pass' title='pass' alt='pass'><i class='material-icons'>check_circle</i></td>
					<td class='timestamp'>10:00:03 AM</td>
					<td class='step-details'><span class='label white-text green'><b>TEST CASE:- ADDROLE PASSED</b></span></td>
				</tr>
			</tbody>
		</table>
	</div>
					</div>
				</li>
				
				
				<li class='test displayed active  pass' status='pass' bdd='false' test-id='22'>
					<div class='test-heading'>
						<span class='test-name'>TestFunctions.SettingsFunctions_Role     @TestCase : updateStatus</span>
						<span class='test-time'>Jan 19, 2021 10:00:03 AM</span>
						<span class='test-status right pass'>pass</span>
					</div>
					<div class='test-content hide'>
<div class='test-time-info'>
	<span class='label start-time'>Jan 19, 2021 10:00:03 AM</span>
	<span class='label end-time'>Jan 19, 2021 10:00:07 AM</span>
	<span class='label time-taken grey lighten-1 white-text'>0h 0m 4s+466ms</span>
</div>
	<div class='test-steps'>
		<table class='bordered table-results'>
			<thead>
				<tr>
					<th>Status</th>
					<th>Timestamp</th>
					<th>Details</th>
				</tr>
			</thead>
			<tbody>
				<tr class='log' status='pass'>
					<td class='status pass' title='pass' alt='pass'><i class='material-icons'>check_circle</i></td>
					<td class='timestamp'>10:00:07 AM</td>
					<td class='step-details'><span class='label white-text green'><b>TEST CASE:- UPDATESTATUS PASSED</b></span></td>
				</tr>
			</tbody>
		</table>
	</div>
					</div>
				</li>
				
				
				<li class='test displayed active  pass' status='pass' bdd='false' test-id='23'>
					<div class='test-heading'>
						<span class='test-name'>TestFunctions.SettingsFunctions_Role     @TestCase : editCourse</span>
						<span class='test-time'>Jan 19, 2021 10:00:07 AM</span>
						<span class='test-status right pass'>pass</span>
					</div>
					<div class='test-content hide'>
<div class='test-time-info'>
	<span class='label start-time'>Jan 19, 2021 10:00:07 AM</span>
	<span class='label end-time'>Jan 19, 2021 10:00:13 AM</span>
	<span class='label time-taken grey lighten-1 white-text'>0h 0m 5s+314ms</span>
</div>
	<div class='test-steps'>
		<table class='bordered table-results'>
			<thead>
				<tr>
					<th>Status</th>
					<th>Timestamp</th>
					<th>Details</th>
				</tr>
			</thead>
			<tbody>
				<tr class='log' status='pass'>
					<td class='status pass' title='pass' alt='pass'><i class='material-icons'>check_circle</i></td>
					<td class='timestamp'>10:00:13 AM</td>
					<td class='step-details'><span class='label white-text green'><b>TEST CASE:- EDITCOURSE PASSED</b></span></td>
				</tr>
			</tbody>
		</table>
	</div>
					</div>
				</li>
				
				
				<li class='test displayed active  fail' status='fail' bdd='false' test-id='24'>
					<div class='test-heading'>
						<span class='test-name'>TestFunctions.SettingsFunctions_Role     @TestCase : deleteCourse</span>
						<span class='test-time'>Jan 19, 2021 10:00:13 AM</span>
						<span class='test-status right fail'>fail</span>
					</div>
					<div class='test-content hide'>
<div class='test-time-info'>
	<span class='label start-time'>Jan 19, 2021 10:00:13 AM</span>
	<span class='label end-time'>Jan 19, 2021 10:00:14 AM</span>
	<span class='label time-taken grey lighten-1 white-text'>0h 0m 1s+179ms</span>
</div>
	<div class='test-steps'>
		<table class='bordered table-results'>
			<thead>
				<tr>
					<th>Status</th>
					<th>Timestamp</th>
					<th>Details</th>
				</tr>
			</thead>
			<tbody>
				<tr class='log' status='fail'>
					<td class='status fail' title='fail' alt='fail'><i class='material-icons'>cancel</i></td>
					<td class='timestamp'>10:00:14 AM</td>
					<td class='step-details'><details><summary><b><font color=red>Exception Occured:Click to see</font></b ></summary>[sun.reflect.NativeConstructorAccessorImpl.newInstance0(Native Method)<br> sun.reflect.NativeConstructorAccessorImpl.newInstance(Unknown Source)<br> sun.reflect.DelegatingConstructorAccessorImpl.newInstance(Unknown Source)<br> java.lang.reflect.Constructor.newInstance(Unknown Source)<br> org.openqa.selenium.remote.http.W3CHttpResponseCodec.createException(W3CHttpResponseCodec.java:187)<br> org.openqa.selenium.remote.http.W3CHttpResponseCodec.decode(W3CHttpResponseCodec.java:122)<br> org.openqa.selenium.remote.http.W3CHttpResponseCodec.decode(W3CHttpResponseCodec.java:49)<br> org.openqa.selenium.remote.HttpCommandExecutor.execute(HttpCommandExecutor.java:158)<br> org.openqa.selenium.remote.service.DriverCommandExecutor.execute(DriverCommandExecutor.java:83)<br> org.openqa.selenium.remote.RemoteWebDriver.execute(RemoteWebDriver.java:552)<br> org.openqa.selenium.remote.RemoteWebElement.execute(RemoteWebElement.java:285)<br> org.openqa.selenium.remote.RemoteWebElement.click(RemoteWebElement.java:84)<br> sun.reflect.GeneratedMethodAccessor3.invoke(Unknown Source)<br> sun.reflect.DelegatingMethodAccessorImpl.invoke(Unknown Source)<br> java.lang.reflect.Method.invoke(Unknown Source)<br> org.openqa.selenium.support.pagefactory.internal.LocatingElementHandler.invoke(LocatingElementHandler.java:51)<br> com.sun.proxy.$Proxy8.click(Unknown Source)<br> TestFunctions.SettingsFunctions_Role.deleteCourse(SettingsFunctions_Role.java:180)<br> sun.reflect.NativeMethodAccessorImpl.invoke0(Native Method)<br> sun.reflect.NativeMethodAccessorImpl.invoke(Unknown Source)<br> sun.reflect.DelegatingMethodAccessorImpl.invoke(Unknown Source)<br> java.lang.reflect.Method.invoke(Unknown Source)<br> org.testng.internal.MethodInvocationHelper.invokeMethod(MethodInvocationHelper.java:132)<br> org.testng.internal.TestInvoker.invokeMethod(TestInvoker.java:599)<br> org.testng.internal.TestInvoker.invokeTestMethod(TestInvoker.java:174)<br> org.testng.internal.MethodRunner.runInSequence(MethodRunner.java:46)<br> org.testng.internal.TestInvoker$MethodInvocationAgent.invoke(TestInvoker.java:822)<br> org.testng.internal.TestInvoker.invokeTestMethods(TestInvoker.java:147)<br> org.testng.internal.TestMethodWorker.invokeTestMethods(TestMethodWorker.java:146)<br> org.testng.internal.TestMethodWorker.run(TestMethodWorker.java:128)<br> java.util.ArrayList.forEach(Unknown Source)<br> org.testng.TestRunner.privateRun(TestRunner.java:764)<br> org.testng.TestRunner.run(TestRunner.java:585)<br> org.testng.SuiteRunner.runTest(SuiteRunner.java:384)<br> org.testng.SuiteRunner.runSequentially(SuiteRunner.java:378)<br> org.testng.SuiteRunner.privateRun(SuiteRunner.java:337)<br> org.testng.SuiteRunner.run(SuiteRunner.java:286)<br> org.testng.SuiteRunnerWorker.runSuite(SuiteRunnerWorker.java:53)<br> org.testng.SuiteRunnerWorker.run(SuiteRunnerWorker.java:96)<br> org.testng.TestNG.runSuitesSequentially(TestNG.java:1218)<br> org.testng.TestNG.runSuitesLocally(TestNG.java:1140)<br> org.testng.TestNG.runSuites(TestNG.java:1069)<br> org.testng.TestNG.run(TestNG.java:1037)<br> org.testng.remote.AbstractRemoteTestNG.run(AbstractRemoteTestNG.java:115)<br> org.testng.remote.RemoteTestNG.initAndRun(RemoteTestNG.java:251)<br> org.testng.remote.RemoteTestNG.main(RemoteTestNG.java:77)]</details></td>
				</tr>
				<tr class='log' status='fail'>
					<td class='status fail' title='fail' alt='fail'><i class='material-icons'>cancel</i></td>
					<td class='timestamp'>10:00:14 AM</td>
					<td class='step-details'><span class='label white-text red'>TEST CASE FAILED</span></td>
				</tr>
			</tbody>
		</table>
	</div>
					</div>
				</li>
			</ul>
		</div>
	</div>
	<!-- subview left -->

	<div class='subview-right left'>
		<div class='view-summary'>
			<h5 class='test-name'></h5>

			<div id='step-filters' class="right">
				<span class="blue-text" status="info" alt="info" title="info"><i class="material-icons">info_outline</i></span>
				<span class="green-text" status="pass" alt="pass" title="pass"><i class="material-icons">check_circle</i></span>
				<span class="red-text" status="fail" alt="fail" title="fail"><i class="material-icons">cancel</i></span>
				<span class="red-text text-darken-4" status="fatal" alt="fatal" title="fatal"><i class="material-icons">cancel</i></span>
				<span class="pink-text text-lighten-1" status="error" alt="error" title="error"><i class="material-icons">error</i></span>
				<span class="orange-text" alt="warning" status="warning" title="warning"><i class="material-icons">warning</i></span>
				<span class="teal-text" status="skip" alt="skip" title="skip"><i class="material-icons">redo</i></span>
				<span status="clear" alt="Clear filters" title="Clear filters"><i class="material-icons">clear</i></span>
			</div>
		</div>
	</div>
	<!-- subview right -->

</div>
<!-- test view -->
<!-- category view -->
<!-- exception view -->
<div id='dashboard-view' class='view hide'>
	<div class='card-panel transparent np-v'>
		<h5>Dashboard</h5>

		<div class='row'>
			<div class='col s2'>
				<div class='card-panel r'>
					Tests
					<div class='panel-lead'>24</div>
				</div>
			</div>
			<div class='col s2'>
				<div class='card-panel r'>
					Steps
					<div class='panel-lead'>31</div>
				</div>
			</div>
			<div class='col s2'>
				<div class='card-panel r'>
					Start
					<div class='panel-lead'>Jan 19, 2021 09:57:30 AM</div>
				</div>
			</div>
			<div class='col s2'>
				<div class='card-panel r'>
			 		End
			 		<div class='panel-lead'>Jan 19, 2021 10:00:14 AM</div>
				</div>
			</div>
			<div class='col s2'>
				<div class='card-panel r'>
					Time Taken
					<div class='panel-lead'>0h 2m 44s+30ms</div>
				</div>
			</div>
			<div class='col s4'>
				<div class='card-panel dashboard-environment'>
					<span class='right label cyan white-text'>Environment</span><p>&nbsp;</p>
					
					<table>
						<tr>
							<th>Name</th>
							<th>Value</th>
						</tr>
							<tr>
								<td>Automation Tester</td>
								<td>Vishnu VS</td>
							</tr>
							<tr>
								<td>Organization</td>
								<td>LTS</td>
							</tr>
							<tr>
								<td>Build no</td>
								<td>DSA_001</td>
							</tr>
					</table>
				</div>
			</div>
		</div>
	</div>
</div>
<!-- dashboard view -->
<!-- testrunner-logs view -->
		</div>
		<!-- container -->

		<script>
			var statusGroup = {
				passParent: 17,
				failParent: 7,
				fatalParent: 0,
				errorParent: 0,
				warningParent: 0,
				skipParent: 0,
				exceptionsParent: 7,
				
				passChild: 17,
				failChild: 14,
				fatalChild: 0,
				errorChild: 0,
				warningChild: 0,
				skipChild: 0,
				infoChild: 0,
				exceptionsChild: 14,
				
				passGrandChild: 0,
				failGrandChild: 0,
				fatalGrandChild: 0,
				errorGrandChild: 0,
				warningGrandChild: 0,
				skipGrandChild: 0,
				infoGrandChild: 0,
				exceptionsGrandChild: 0,
			};
		</script>
		
			<script src='https://cdn.rawgit.com/anshooarora/extentreports-java/fca20fb7653aade98810546ab96a2a4360e3e712/dist/js/extent.js' type='text/javascript'></script>
		
		
 		<script type='text/javascript'>
 		</script>
	</body>
	
</html>
