<?xml version="1.0" encoding="UTF-8"?>
<!-- Generated by org.testng.reporters.JUnitXMLReporter -->
<testsuite hostname="DESKTOP-9N55AFQ" ignored="6" name="TC_002-Verify manage settings module as admin" tests="16" failures="1" timestamp="2021-04-21T10:31:44 IST" time="146.225" errors="0">
  <testcase name="verifyLogin" time="6.669" classname="TestFunctions.Login_Admin"/>
  <testcase name="addInstitution" time="10.916" classname="TestFunctions.SettingsFunctions_Manage_Institution"/>
  <testcase name="updateStatus" time="5.554" classname="TestFunctions.SettingsFunctions_Manage_Institution"/>
  <testcase name="editInstitution" time="31.648" classname="TestFunctions.SettingsFunctions_Manage_Institution">
    <failure type="org.openqa.selenium.NoSuchElementException" message="no such element: Unable to locate element: {&amp;quot;method&amp;quot;:&amp;quot;xpath&amp;quot;,&amp;quot;selector&amp;quot;:&amp;quot;//button[@class=&amp;apos;toast-close-button&amp;apos;]&amp;quot;}
  (Session info: chrome=90.0.4430.72)
For documentation on this error, please visit: https://www.seleniumhq.org/exceptions/no_such_element.html
Build info: version: &amp;apos;3.141.59&amp;apos;, revision: &amp;apos;e82be7d358&amp;apos;, time: &amp;apos;2018-11-14T08:17:03&amp;apos;
System info: host: &amp;apos;DESKTOP-9N55AFQ&amp;apos;, ip: &amp;apos;10.8.0.17&amp;apos;, os.name: &amp;apos;Windows 10&amp;apos;, os.arch: &amp;apos;amd64&amp;apos;, os.version: &amp;apos;10.0&amp;apos;, java.version: &amp;apos;1.8.0_281&amp;apos;
Driver info: org.openqa.selenium.chrome.ChromeDriver
Capabilities {acceptInsecureCerts: false, browserName: chrome, browserVersion: 90.0.4430.72, chrome: {chromedriverVersion: 90.0.4430.24 (4c6d850f087da..., userDataDir: C:\Users\LTS\AppData\Local\...}, goog:chromeOptions: {debuggerAddress: localhost:55054}, javascriptEnabled: true, networkConnectionEnabled: false, pageLoadStrategy: normal, platform: WINDOWS, platformName: WINDOWS, proxy: Proxy(), setWindowRect: true, strictFileInteractability: false, timeouts: {implicit: 0, pageLoad: 300000, script: 30000}, unhandledPromptBehavior: dismiss and notify, webauthn:extension:largeBlob: true, webauthn:virtualAuthenticators: true}
Session ID: 2cd6a9af72ab0c4cbf53e600c5b41e0a
*** Element info: {Using=xpath, value=//button[@class=&amp;apos;toast-close-button&amp;apos;]}">
      <![CDATA[org.openqa.selenium.NoSuchElementException: no such element: Unable to locate element: {"method":"xpath","selector":"//button[@class='toast-close-button']"}
  (Session info: chrome=90.0.4430.72)
For documentation on this error, please visit: https://www.seleniumhq.org/exceptions/no_such_element.html
Build info: version: '3.141.59', revision: 'e82be7d358', time: '2018-11-14T08:17:03'
System info: host: 'DESKTOP-9N55AFQ', ip: '10.8.0.17', os.name: 'Windows 10', os.arch: 'amd64', os.version: '10.0', java.version: '1.8.0_281'
Driver info: org.openqa.selenium.chrome.ChromeDriver
Capabilities {acceptInsecureCerts: false, browserName: chrome, browserVersion: 90.0.4430.72, chrome: {chromedriverVersion: 90.0.4430.24 (4c6d850f087da..., userDataDir: C:\Users\LTS\AppData\Local\...}, goog:chromeOptions: {debuggerAddress: localhost:55054}, javascriptEnabled: true, networkConnectionEnabled: false, pageLoadStrategy: normal, platform: WINDOWS, platformName: WINDOWS, proxy: Proxy(), setWindowRect: true, strictFileInteractability: false, timeouts: {implicit: 0, pageLoad: 300000, script: 30000}, unhandledPromptBehavior: dismiss and notify, webauthn:extension:largeBlob: true, webauthn:virtualAuthenticators: true}
Session ID: 2cd6a9af72ab0c4cbf53e600c5b41e0a
*** Element info: {Using=xpath, value=//button[@class='toast-close-button']}
at org.openqa.selenium.remote.http.W3CHttpResponseCodec.createException(W3CHttpResponseCodec.java:187)
at org.openqa.selenium.remote.http.W3CHttpResponseCodec.decode(W3CHttpResponseCodec.java:122)
at org.openqa.selenium.remote.http.W3CHttpResponseCodec.decode(W3CHttpResponseCodec.java:49)
at org.openqa.selenium.remote.HttpCommandExecutor.execute(HttpCommandExecutor.java:158)
at org.openqa.selenium.remote.service.DriverCommandExecutor.execute(DriverCommandExecutor.java:83)
at org.openqa.selenium.remote.RemoteWebDriver.execute(RemoteWebDriver.java:552)
at org.openqa.selenium.remote.RemoteWebDriver.findElement(RemoteWebDriver.java:323)
at org.openqa.selenium.remote.RemoteWebDriver.findElementByXPath(RemoteWebDriver.java:428)
at org.openqa.selenium.By$ByXPath.findElement(By.java:353)
at org.openqa.selenium.remote.RemoteWebDriver.findElement(RemoteWebDriver.java:315)
at org.openqa.selenium.support.pagefactory.DefaultElementLocator.findElement(DefaultElementLocator.java:69)
at org.openqa.selenium.support.pagefactory.internal.LocatingElementHandler.invoke(LocatingElementHandler.java:38)
at com.sun.proxy.$Proxy8.click(Unknown Source)
at TestFunctions.SettingsFunctions_Manage_Institution.editInstitution(SettingsFunctions_Manage_Institution.java:152)
at java.util.ArrayList.forEach(Unknown Source)
... Removed 31 stack frames]]>
    </failure>
  </testcase> <!-- editInstitution -->
  <testcase name="deleteInstitution" time="6.898" classname="TestFunctions.SettingsFunctions_Manage_Institution"/>
  <testcase name="addSupportType" time="4.472" classname="TestFunctions.SettingsFunctions_Add_SupportType"/>
  <testcase name="addRole" time="10.875" classname="TestFunctions.SettingsFunctions_Manage_Role"/>
  <testcase name="updateStatus" time="6.268" classname="TestFunctions.SettingsFunctions_Manage_Role"/>
  <testcase name="editRole" time="7.842" classname="TestFunctions.SettingsFunctions_Manage_Role"/>
  <testcase name="deleteRole" time="6.816" classname="TestFunctions.SettingsFunctions_Manage_Role"/>
  <testcase name="deleteSupportType" time="8.331" classname="TestFunctions.SettingsFunctions_Delete_SupportType"/>
  <testcase name="addFundingBody" time="10.957" classname="TestFunctions.SettingsFunctions_Manage_FundingBody"/>
  <testcase name="updateStatus" time="8.409" classname="TestFunctions.SettingsFunctions_Manage_FundingBody"/>
  <testcase name="editFundingBody" time="9.298" classname="TestFunctions.SettingsFunctions_Manage_FundingBody"/>
  <testcase name="deleteFundingBody" time="6.419" classname="TestFunctions.SettingsFunctions_Manage_FundingBody"/>
  <testcase name="Logout" time="4.683" classname="TestFunctions.Logout"/>
  <testcase name="@BeforeSuite initDriver" time="0.0" classname="Common.BaseClass">
    <ignored/>
  </testcase> <!-- @BeforeSuite initDriver -->
  <testcase name="@BeforeSuite initDriver" time="0.0" classname="Common.BaseClass">
    <ignored/>
  </testcase> <!-- @BeforeSuite initDriver -->
  <testcase name="@BeforeSuite initDriver" time="0.0" classname="Common.BaseClass">
    <ignored/>
  </testcase> <!-- @BeforeSuite initDriver -->
  <testcase name="@BeforeSuite initDriver" time="0.0" classname="Common.BaseClass">
    <ignored/>
  </testcase> <!-- @BeforeSuite initDriver -->
  <testcase name="@BeforeSuite initDriver" time="0.0" classname="Common.BaseClass">
    <ignored/>
  </testcase> <!-- @BeforeSuite initDriver -->
  <testcase name="@BeforeSuite initDriver" time="0.0" classname="Common.BaseClass">
    <ignored/>
  </testcase> <!-- @BeforeSuite initDriver -->
</testsuite> <!-- TC_002-Verify manage settings module as admin -->
