<?xml version="1.0" encoding="UTF-8"?>
<!-- Generated by org.testng.reporters.JUnitXMLReporter -->
<testsuite hostname="DESKTOP-9N55AFQ" ignored="3" name="TC_004-Verify create student user as admin and sign in as student user for the first time by reseting the password" tests="4" failures="1" timestamp="2021-05-19T17:03:07 IST" time="38.752" errors="0">
  <testcase name="verifyLogin" time="2.271" classname="TestFunctions.Login_Admin"/>
  <testcase name="createStudentProfile" time="27.679" classname="TestFunctions.Student_CreateStudent"/>
  <testcase name="Logout" time="3.841" classname="TestFunctions.Logout"/>
  <testcase name="firstTimeLogin" time="4.867" classname="TestFunctions.Login_Student_FirstTime">
    <failure type="java.lang.IllegalArgumentException" message="Keys to send should be a not null CharSequence">
      <![CDATA[java.lang.IllegalArgumentException: Keys to send should be a not null CharSequence
at org.openqa.selenium.remote.RemoteWebElement.sendKeys(RemoteWebElement.java:97)
at org.openqa.selenium.support.pagefactory.internal.LocatingElementHandler.invoke(LocatingElementHandler.java:51)
at com.sun.proxy.$Proxy8.sendKeys(Unknown Source)
at TestFunctions.Login_Student_FirstTime.firstTimeLogin(Login_Student_FirstTime.java:33)
at java.util.ArrayList.forEach(Unknown Source)
... Removed 31 stack frames]]>
    </failure>
  </testcase> <!-- firstTimeLogin -->
  <testcase name="@BeforeSuite initDriver" time="0.0" classname="Common.BaseClass">
    <ignored/>
  </testcase> <!-- @BeforeSuite initDriver -->
  <testcase name="@BeforeSuite initDriver" time="0.0" classname="Common.BaseClass">
    <ignored/>
  </testcase> <!-- @BeforeSuite initDriver -->
  <testcase name="@BeforeSuite initDriver" time="0.0" classname="Common.BaseClass">
    <ignored/>
  </testcase> <!-- @BeforeSuite initDriver -->
</testsuite> <!-- TC_004-Verify create student user as admin and sign in as student user for the first time by reseting the password -->
