<?xml version="1.0" encoding="UTF-8"?>
<!-- Generated by org.testng.reporters.JUnitXMLReporter -->
<testsuite hostname="DESKTOP-9N55AFQ" ignored="3" name="TC_004-Verify create staff user as admin and sign in as staff user for the first time by reseting the password" tests="4" failures="1" timestamp="2021-05-19T17:00:21 IST" time="25.36" errors="0">
  <testcase name="verifyLogin" time="3.006" classname="TestFunctions.Login_Admin"/>
  <testcase name="createStaffProfile" time="11.328" classname="TestFunctions.Staff_CreateStaff"/>
  <testcase name="Logout" time="3.837" classname="TestFunctions.Logout"/>
  <testcase name="firstTimeLogin" time="7.108" classname="TestFunctions.Login_Staff_FirstTime">
    <failure type="java.lang.IllegalArgumentException" message="Keys to send should be a not null CharSequence">
      <![CDATA[java.lang.IllegalArgumentException: Keys to send should be a not null CharSequence
at org.openqa.selenium.remote.RemoteWebElement.sendKeys(RemoteWebElement.java:97)
at org.openqa.selenium.support.pagefactory.internal.LocatingElementHandler.invoke(LocatingElementHandler.java:51)
at com.sun.proxy.$Proxy8.sendKeys(Unknown Source)
at TestFunctions.Login_Staff_FirstTime.firstTimeLogin(Login_Staff_FirstTime.java:33)
at java.util.ArrayList.forEach(Unknown Source)
... Removed 31 stack frames]]>
    </failure>
  </testcase> <!-- firstTimeLogin -->
  <testcase name="@BeforeSuite initDriver" time="0.0" classname="Common.BaseClass">
    <ignored/>
  </testcase> <!-- @BeforeSuite initDriver -->
  <testcase name="@BeforeSuite initDriver" time="0.0" classname="Common.BaseClass">
    <ignored/>
  </testcase> <!-- @BeforeSuite initDriver -->
  <testcase name="@BeforeSuite initDriver" time="0.0" classname="Common.BaseClass">
    <ignored/>
  </testcase> <!-- @BeforeSuite initDriver -->
</testsuite> <!-- TC_004-Verify create staff user as admin and sign in as staff user for the first time by reseting the password -->
