
<!DOCTYPE html>
<html>


<head>
	<meta charset='utf-8' /> 
	<meta name='description' content='' />
	<meta name='robots' content='noodp, noydir' />
	<meta name='viewport' content='width=device-width, initial-scale=1' />
	<meta id="timeStampFormat" name="timeStampFormat" content='MMM d, yyyy hh:mm:ss a'/>
	
	<link href='https://fonts.googleapis.com/css?family=Source+Sans+Pro:400,600' rel='stylesheet' type='text/css' />
	<link href="https://fonts.googleapis.com/icon?family=Material+Icons" rel="stylesheet" />

		<link href='https://cdn.rawgit.com/anshooarora/extentreports-java/b4a58fcfd1e137bd9287244035a7c80d3d73b3af/dist/css/extent.css' type='text/css' rel='stylesheet' />
	
	<title>C:\Users\LTS\git\LTS_QA_Repository\TouchPoint_Automation\reports\Extent_Mon_Apr_26_12_34_00_IST_2021.html</title>

	<style type='text/css'>
	</style>
</head>

	<body class='extent standard default hide-overflow '>
		<div id='theme-selector' alt='Click to toggle theme. To enable by default, use theme configuration.' title='Click to toggle theme. To enable by default, use theme configuration.'>
			<span><i class='material-icons'>desktop_windows</i></span>
		</div>

<nav>
	<div class="nav-wrapper">
		<a href="#!" class="brand-logo blue darken-3">Extent</a>

		<!-- slideout menu -->
		<ul id='slide-out' class='side-nav fixed hide-on-med-and-down'>
			<li class='waves-effect active'><a href='#!' view='test-view' onclick="configureView(0);chartsView('test');"><i class='material-icons'>dashboard</i></a></li>
						<li class='waves-effect'><a href='#!' onclick="configureView(-1);chartsView('dashboard');" view='dashboard-view'><i class='material-icons'>track_changes</i></i></a></li>
		</ul>

		<!-- report name -->
		<span class='report-name'>C:\Users\LTS\git\LTS_QA_Repository\TouchPoint_Automation\reports\Extent_Mon_Apr_26_12_34_00_IST_2021.html</span>
		
		<!-- report headline -->
		<span class='report-headline'></span>

		<!-- nav-right -->
		<ul id='nav-mobile' class='right hide-on-med-and-down nav-right'>
			<li>
                <a href='#!'>
                    <span class='label suite-start-time blue darken-3'>Apr 26, 2021 12:34:00 PM</span>
				</a>
			</li>
			<li>
                <a href='#!'>
                    <span class='label blue darken-3'>3.1.5</span>
				</a>
			</li>
		</ul>
	</div>
</nav>

		<!-- container -->
		<div class='container'>

<div id='test-view' class='view'>
				
	<section id='controls'>
		<div class='controls grey lighten-4'>
			<!-- test toggle -->
			<div class='chip transparent'>
				<a class='dropdown-button tests-toggle' data-activates='tests-toggle' data-constrainwidth='true' data-beloworigin='true' data-hover='true' href='#'>
					<i class='material-icons'>warning</i> Status
				</a>
				<ul id='tests-toggle' class='dropdown-content'>
											<li status='fail'><a href='#!'>Fail <i class='material-icons red-text'>cancel</i></a></li>
					<li class='divider'></li>
					<li status='clear' clear='true'><a href='#!'>Clear Filters <i class='material-icons'>clear</i></a></li>
				</ul>
			</div>
			<!-- test toggle -->

			<!-- category toggle -->
			<!-- category toggle -->

			<!-- clear filters -->
			<div class='chip transparent hide'>
				<a class='' id='clear-filters' alt='Clear Filters' title='Clear Filters'>
					<i class='material-icons'>close</i> Clear
				</a>
			</div>
			<!-- clear filters -->

			<!-- enable dashboard -->
			<div id='toggle-test-view-charts' class='chip transparent'>
				<a class='pink-text' id='enable-dashboard' alt='Enable Dashboard' title='Enable Dashboard'>
					<i class='material-icons'>track_changes</i> Dashboard
				</a>
			</div>
			<!-- enable dashboard -->

			<!-- search -->
			<div class='chip transparent' alt='Search Tests' title='Search Tests'>
				<a href="#" class='search-div'>
					<i class='material-icons'>search</i> Search
				</a>

				<div class='input-field left hide'>
					<input id='search-tests' type='text' class='validate browser-default' placeholder='Search Tests...'>
				</div>
				
			</div>
			<!-- search -->
		</div>
	</section>


<div id='test-view-charts' class='subview-full'>
	<div id='charts-row' class='row nm-v nm-h'>
		<div class='col s12 m6 l6 np-h'>
			<div class='card-panel nm-v'>
				<div class='left panel-name'>Tests</div>
				<div class='chart-box'>
					<canvas id='parent-analysis' width='100' height='80'></canvas>
				</div>
				<div class='block text-small'>
					<span class='tooltipped' data-position='top' data-tooltip='0%'><span class='strong'>0</span> test(s) passed</span>
				</div>
				<div class='block text-small'>
					<span class='strong tooltipped' data-position='top' data-tooltip='100%'>15</span> test(s) failed, <span class='strong tooltipped' data-position='top' data-tooltip='0%'>0</span> others
				</div>
			</div>
		</div>
		
		<div class='col s12 m6 l6 np-h'>
			<div class='card-panel nm-v'>
				<div class='left panel-name'>Steps</div>
				<div class='chart-box'>
					<canvas id='child-analysis' width='100' height='80'></canvas>
				</div>
				<div class='block text-small'>
					<span class='tooltipped' data-position='top' data-tooltip='0%'><span class='strong'>0</span> step(s) passed</span>
				</div>
				<div class='block text-small'>
					<span class='strong tooltipped' data-position='top' data-tooltip='100%'>30</span> step(s) failed, <span class='strong tooltipped' data-position='top' data-tooltip='0%'>0</span> others
				</div>
			</div>
		</div>
		
	</div>
</div>

	<div class='subview-left left'>
		
		<div class='view-summary'>
			<h5>Tests</h5>
			<ul id='test-collection' class='test-collection'>
				
				
				<li class='test displayed active  fail' status='fail' bdd='false' test-id='1'>
					<div class='test-heading'>
						<span class='test-name'>TestFunctions.Login_Student     @TestCase : verifyLogin</span>
						<span class='test-time'>Apr 26, 2021 12:34:10 PM</span>
						<span class='test-status right fail'>fail</span>
					</div>
					<div class='test-content hide'>
<div class='test-time-info'>
	<span class='label start-time'>Apr 26, 2021 12:34:10 PM</span>
	<span class='label end-time'>Apr 26, 2021 12:34:51 PM</span>
	<span class='label time-taken grey lighten-1 white-text'>0h 0m 40s+269ms</span>
</div>
	<div class='test-steps'>
		<table class='bordered table-results'>
			<thead>
				<tr>
					<th>Status</th>
					<th>Timestamp</th>
					<th>Details</th>
				</tr>
			</thead>
			<tbody>
				<tr class='log' status='fail'>
					<td class='status fail' title='fail' alt='fail'><i class='material-icons'>cancel</i></td>
					<td class='timestamp'>12:34:51 PM</td>
					<td class='step-details'><details><summary><b><font color=red>Exception Occured:Click to see</font></b ></summary>[org.openqa.selenium.support.ui.WebDriverWait.timeoutException(WebDriverWait.java:95)<br> org.openqa.selenium.support.ui.FluentWait.until(FluentWait.java:272)<br> TestFunctions.Login_Student.verifyLogin(Login_Student.java:28)<br> sun.reflect.NativeMethodAccessorImpl.invoke0(Native Method)<br> sun.reflect.NativeMethodAccessorImpl.invoke(Unknown Source)<br> sun.reflect.DelegatingMethodAccessorImpl.invoke(Unknown Source)<br> java.lang.reflect.Method.invoke(Unknown Source)<br> org.testng.internal.MethodInvocationHelper.invokeMethod(MethodInvocationHelper.java:132)<br> org.testng.internal.TestInvoker.invokeMethod(TestInvoker.java:599)<br> org.testng.internal.TestInvoker.invokeTestMethod(TestInvoker.java:174)<br> org.testng.internal.MethodRunner.runInSequence(MethodRunner.java:46)<br> org.testng.internal.TestInvoker$MethodInvocationAgent.invoke(TestInvoker.java:822)<br> org.testng.internal.TestInvoker.invokeTestMethods(TestInvoker.java:147)<br> org.testng.internal.TestMethodWorker.invokeTestMethods(TestMethodWorker.java:146)<br> org.testng.internal.TestMethodWorker.run(TestMethodWorker.java:128)<br> java.util.ArrayList.forEach(Unknown Source)<br> org.testng.TestRunner.privateRun(TestRunner.java:764)<br> org.testng.TestRunner.run(TestRunner.java:585)<br> org.testng.SuiteRunner.runTest(SuiteRunner.java:384)<br> org.testng.SuiteRunner.runSequentially(SuiteRunner.java:378)<br> org.testng.SuiteRunner.privateRun(SuiteRunner.java:337)<br> org.testng.SuiteRunner.run(SuiteRunner.java:286)<br> org.testng.SuiteRunnerWorker.runSuite(SuiteRunnerWorker.java:53)<br> org.testng.SuiteRunnerWorker.run(SuiteRunnerWorker.java:96)<br> org.testng.TestNG.runSuitesSequentially(TestNG.java:1218)<br> org.testng.TestNG.runSuitesLocally(TestNG.java:1140)<br> org.testng.TestNG.runSuites(TestNG.java:1069)<br> org.testng.TestNG.run(TestNG.java:1037)<br> org.testng.remote.AbstractRemoteTestNG.run(AbstractRemoteTestNG.java:115)<br> org.testng.remote.RemoteTestNG.initAndRun(RemoteTestNG.java:251)<br> org.testng.remote.RemoteTestNG.main(RemoteTestNG.java:77)]</details></td>
				</tr>
				<tr class='log' status='fail'>
					<td class='status fail' title='fail' alt='fail'><i class='material-icons'>cancel</i></td>
					<td class='timestamp'>12:34:51 PM</td>
					<td class='step-details'><span class='label white-text red'>TEST CASE FAILED</span></td>
				</tr>
			</tbody>
		</table>
	</div>
					</div>
				</li>
				
				
				<li class='test displayed active  fail' status='fail' bdd='false' test-id='2'>
					<div class='test-heading'>
						<span class='test-name'>TestFunctions.Student_CreateEvent     @TestCase : student_createevent</span>
						<span class='test-time'>Apr 26, 2021 12:34:51 PM</span>
						<span class='test-status right fail'>fail</span>
					</div>
					<div class='test-content hide'>
<div class='test-time-info'>
	<span class='label start-time'>Apr 26, 2021 12:34:51 PM</span>
	<span class='label end-time'>Apr 26, 2021 12:35:31 PM</span>
	<span class='label time-taken grey lighten-1 white-text'>0h 0m 40s+110ms</span>
</div>
	<div class='test-steps'>
		<table class='bordered table-results'>
			<thead>
				<tr>
					<th>Status</th>
					<th>Timestamp</th>
					<th>Details</th>
				</tr>
			</thead>
			<tbody>
				<tr class='log' status='fail'>
					<td class='status fail' title='fail' alt='fail'><i class='material-icons'>cancel</i></td>
					<td class='timestamp'>12:35:31 PM</td>
					<td class='step-details'><details><summary><b><font color=red>Exception Occured:Click to see</font></b ></summary>[org.openqa.selenium.support.ui.WebDriverWait.timeoutException(WebDriverWait.java:95)<br> org.openqa.selenium.support.ui.FluentWait.until(FluentWait.java:272)<br> TestFunctions.Student_CreateEvent.student_createevent(Student_CreateEvent.java:25)<br> sun.reflect.NativeMethodAccessorImpl.invoke0(Native Method)<br> sun.reflect.NativeMethodAccessorImpl.invoke(Unknown Source)<br> sun.reflect.DelegatingMethodAccessorImpl.invoke(Unknown Source)<br> java.lang.reflect.Method.invoke(Unknown Source)<br> org.testng.internal.MethodInvocationHelper.invokeMethod(MethodInvocationHelper.java:132)<br> org.testng.internal.TestInvoker.invokeMethod(TestInvoker.java:599)<br> org.testng.internal.TestInvoker.invokeTestMethod(TestInvoker.java:174)<br> org.testng.internal.MethodRunner.runInSequence(MethodRunner.java:46)<br> org.testng.internal.TestInvoker$MethodInvocationAgent.invoke(TestInvoker.java:822)<br> org.testng.internal.TestInvoker.invokeTestMethods(TestInvoker.java:147)<br> org.testng.internal.TestMethodWorker.invokeTestMethods(TestMethodWorker.java:146)<br> org.testng.internal.TestMethodWorker.run(TestMethodWorker.java:128)<br> java.util.ArrayList.forEach(Unknown Source)<br> org.testng.TestRunner.privateRun(TestRunner.java:764)<br> org.testng.TestRunner.run(TestRunner.java:585)<br> org.testng.SuiteRunner.runTest(SuiteRunner.java:384)<br> org.testng.SuiteRunner.runSequentially(SuiteRunner.java:378)<br> org.testng.SuiteRunner.privateRun(SuiteRunner.java:337)<br> org.testng.SuiteRunner.run(SuiteRunner.java:286)<br> org.testng.SuiteRunnerWorker.runSuite(SuiteRunnerWorker.java:53)<br> org.testng.SuiteRunnerWorker.run(SuiteRunnerWorker.java:96)<br> org.testng.TestNG.runSuitesSequentially(TestNG.java:1218)<br> org.testng.TestNG.runSuitesLocally(TestNG.java:1140)<br> org.testng.TestNG.runSuites(TestNG.java:1069)<br> org.testng.TestNG.run(TestNG.java:1037)<br> org.testng.remote.AbstractRemoteTestNG.run(AbstractRemoteTestNG.java:115)<br> org.testng.remote.RemoteTestNG.initAndRun(RemoteTestNG.java:251)<br> org.testng.remote.RemoteTestNG.main(RemoteTestNG.java:77)]</details></td>
				</tr>
				<tr class='log' status='fail'>
					<td class='status fail' title='fail' alt='fail'><i class='material-icons'>cancel</i></td>
					<td class='timestamp'>12:35:31 PM</td>
					<td class='step-details'><span class='label white-text red'>TEST CASE FAILED</span></td>
				</tr>
			</tbody>
		</table>
	</div>
					</div>
				</li>
				
				
				<li class='test displayed active  fail' status='fail' bdd='false' test-id='3'>
					<div class='test-heading'>
						<span class='test-name'>TestFunctions.Logout     @TestCase : Logout</span>
						<span class='test-time'>Apr 26, 2021 12:35:31 PM</span>
						<span class='test-status right fail'>fail</span>
					</div>
					<div class='test-content hide'>
<div class='test-time-info'>
	<span class='label start-time'>Apr 26, 2021 12:35:31 PM</span>
	<span class='label end-time'>Apr 26, 2021 12:36:11 PM</span>
	<span class='label time-taken grey lighten-1 white-text'>0h 0m 40s+89ms</span>
</div>
	<div class='test-steps'>
		<table class='bordered table-results'>
			<thead>
				<tr>
					<th>Status</th>
					<th>Timestamp</th>
					<th>Details</th>
				</tr>
			</thead>
			<tbody>
				<tr class='log' status='fail'>
					<td class='status fail' title='fail' alt='fail'><i class='material-icons'>cancel</i></td>
					<td class='timestamp'>12:36:11 PM</td>
					<td class='step-details'><details><summary><b><font color=red>Exception Occured:Click to see</font></b ></summary>[org.openqa.selenium.support.ui.WebDriverWait.timeoutException(WebDriverWait.java:95)<br> org.openqa.selenium.support.ui.FluentWait.until(FluentWait.java:272)<br> TestFunctions.Logout.Logout(Logout.java:19)<br> sun.reflect.NativeMethodAccessorImpl.invoke0(Native Method)<br> sun.reflect.NativeMethodAccessorImpl.invoke(Unknown Source)<br> sun.reflect.DelegatingMethodAccessorImpl.invoke(Unknown Source)<br> java.lang.reflect.Method.invoke(Unknown Source)<br> org.testng.internal.MethodInvocationHelper.invokeMethod(MethodInvocationHelper.java:132)<br> org.testng.internal.TestInvoker.invokeMethod(TestInvoker.java:599)<br> org.testng.internal.TestInvoker.invokeTestMethod(TestInvoker.java:174)<br> org.testng.internal.MethodRunner.runInSequence(MethodRunner.java:46)<br> org.testng.internal.TestInvoker$MethodInvocationAgent.invoke(TestInvoker.java:822)<br> org.testng.internal.TestInvoker.invokeTestMethods(TestInvoker.java:147)<br> org.testng.internal.TestMethodWorker.invokeTestMethods(TestMethodWorker.java:146)<br> org.testng.internal.TestMethodWorker.run(TestMethodWorker.java:128)<br> java.util.ArrayList.forEach(Unknown Source)<br> org.testng.TestRunner.privateRun(TestRunner.java:764)<br> org.testng.TestRunner.run(TestRunner.java:585)<br> org.testng.SuiteRunner.runTest(SuiteRunner.java:384)<br> org.testng.SuiteRunner.runSequentially(SuiteRunner.java:378)<br> org.testng.SuiteRunner.privateRun(SuiteRunner.java:337)<br> org.testng.SuiteRunner.run(SuiteRunner.java:286)<br> org.testng.SuiteRunnerWorker.runSuite(SuiteRunnerWorker.java:53)<br> org.testng.SuiteRunnerWorker.run(SuiteRunnerWorker.java:96)<br> org.testng.TestNG.runSuitesSequentially(TestNG.java:1218)<br> org.testng.TestNG.runSuitesLocally(TestNG.java:1140)<br> org.testng.TestNG.runSuites(TestNG.java:1069)<br> org.testng.TestNG.run(TestNG.java:1037)<br> org.testng.remote.AbstractRemoteTestNG.run(AbstractRemoteTestNG.java:115)<br> org.testng.remote.RemoteTestNG.initAndRun(RemoteTestNG.java:251)<br> org.testng.remote.RemoteTestNG.main(RemoteTestNG.java:77)]</details></td>
				</tr>
				<tr class='log' status='fail'>
					<td class='status fail' title='fail' alt='fail'><i class='material-icons'>cancel</i></td>
					<td class='timestamp'>12:36:11 PM</td>
					<td class='step-details'><span class='label white-text red'>TEST CASE FAILED</span></td>
				</tr>
			</tbody>
		</table>
	</div>
					</div>
				</li>
				
				
				<li class='test displayed active  fail' status='fail' bdd='false' test-id='4'>
					<div class='test-heading'>
						<span class='test-name'>TestFunctions.Login_Staff     @TestCase : verifyLogin</span>
						<span class='test-time'>Apr 26, 2021 12:36:11 PM</span>
						<span class='test-status right fail'>fail</span>
					</div>
					<div class='test-content hide'>
<div class='test-time-info'>
	<span class='label start-time'>Apr 26, 2021 12:36:11 PM</span>
	<span class='label end-time'>Apr 26, 2021 12:36:21 PM</span>
	<span class='label time-taken grey lighten-1 white-text'>0h 0m 10s+120ms</span>
</div>
	<div class='test-steps'>
		<table class='bordered table-results'>
			<thead>
				<tr>
					<th>Status</th>
					<th>Timestamp</th>
					<th>Details</th>
				</tr>
			</thead>
			<tbody>
				<tr class='log' status='fail'>
					<td class='status fail' title='fail' alt='fail'><i class='material-icons'>cancel</i></td>
					<td class='timestamp'>12:36:21 PM</td>
					<td class='step-details'><details><summary><b><font color=red>Exception Occured:Click to see</font></b ></summary>[sun.reflect.NativeConstructorAccessorImpl.newInstance0(Native Method)<br> sun.reflect.NativeConstructorAccessorImpl.newInstance(Unknown Source)<br> sun.reflect.DelegatingConstructorAccessorImpl.newInstance(Unknown Source)<br> java.lang.reflect.Constructor.newInstance(Unknown Source)<br> org.openqa.selenium.remote.http.W3CHttpResponseCodec.createException(W3CHttpResponseCodec.java:187)<br> org.openqa.selenium.remote.http.W3CHttpResponseCodec.decode(W3CHttpResponseCodec.java:122)<br> org.openqa.selenium.remote.http.W3CHttpResponseCodec.decode(W3CHttpResponseCodec.java:49)<br> org.openqa.selenium.remote.HttpCommandExecutor.execute(HttpCommandExecutor.java:158)<br> org.openqa.selenium.remote.service.DriverCommandExecutor.execute(DriverCommandExecutor.java:83)<br> org.openqa.selenium.remote.RemoteWebDriver.execute(RemoteWebDriver.java:552)<br> org.openqa.selenium.remote.RemoteWebDriver.findElement(RemoteWebDriver.java:323)<br> org.openqa.selenium.remote.RemoteWebDriver.findElementByXPath(RemoteWebDriver.java:428)<br> org.openqa.selenium.By$ByXPath.findElement(By.java:353)<br> org.openqa.selenium.remote.RemoteWebDriver.findElement(RemoteWebDriver.java:315)<br> org.openqa.selenium.support.pagefactory.DefaultElementLocator.findElement(DefaultElementLocator.java:69)<br> org.openqa.selenium.support.pagefactory.internal.LocatingElementHandler.invoke(LocatingElementHandler.java:38)<br> com.sun.proxy.$Proxy8.toString(Unknown Source)<br> java.lang.String.valueOf(Unknown Source)<br> java.lang.StringBuilder.append(Unknown Source)<br> org.openqa.selenium.support.ui.ExpectedConditions$23.toString(ExpectedConditions.java:683)<br> java.lang.String.valueOf(Unknown Source)<br> java.lang.StringBuilder.append(Unknown Source)<br> org.openqa.selenium.support.ui.FluentWait.until(FluentWait.java:268)<br> TestFunctions.Login_Staff.verifyLogin(Login_Staff.java:28)<br> sun.reflect.NativeMethodAccessorImpl.invoke0(Native Method)<br> sun.reflect.NativeMethodAccessorImpl.invoke(Unknown Source)<br> sun.reflect.DelegatingMethodAccessorImpl.invoke(Unknown Source)<br> java.lang.reflect.Method.invoke(Unknown Source)<br> org.testng.internal.MethodInvocationHelper.invokeMethod(MethodInvocationHelper.java:132)<br> org.testng.internal.TestInvoker.invokeMethod(TestInvoker.java:599)<br> org.testng.internal.TestInvoker.invokeTestMethod(TestInvoker.java:174)<br> org.testng.internal.MethodRunner.runInSequence(MethodRunner.java:46)<br> org.testng.internal.TestInvoker$MethodInvocationAgent.invoke(TestInvoker.java:822)<br> org.testng.internal.TestInvoker.invokeTestMethods(TestInvoker.java:147)<br> org.testng.internal.TestMethodWorker.invokeTestMethods(TestMethodWorker.java:146)<br> org.testng.internal.TestMethodWorker.run(TestMethodWorker.java:128)<br> java.util.ArrayList.forEach(Unknown Source)<br> org.testng.TestRunner.privateRun(TestRunner.java:764)<br> org.testng.TestRunner.run(TestRunner.java:585)<br> org.testng.SuiteRunner.runTest(SuiteRunner.java:384)<br> org.testng.SuiteRunner.runSequentially(SuiteRunner.java:378)<br> org.testng.SuiteRunner.privateRun(SuiteRunner.java:337)<br> org.testng.SuiteRunner.run(SuiteRunner.java:286)<br> org.testng.SuiteRunnerWorker.runSuite(SuiteRunnerWorker.java:53)<br> org.testng.SuiteRunnerWorker.run(SuiteRunnerWorker.java:96)<br> org.testng.TestNG.runSuitesSequentially(TestNG.java:1218)<br> org.testng.TestNG.runSuitesLocally(TestNG.java:1140)<br> org.testng.TestNG.runSuites(TestNG.java:1069)<br> org.testng.TestNG.run(TestNG.java:1037)<br> org.testng.remote.AbstractRemoteTestNG.run(AbstractRemoteTestNG.java:115)<br> org.testng.remote.RemoteTestNG.initAndRun(RemoteTestNG.java:251)<br> org.testng.remote.RemoteTestNG.main(RemoteTestNG.java:77)]</details></td>
				</tr>
				<tr class='log' status='fail'>
					<td class='status fail' title='fail' alt='fail'><i class='material-icons'>cancel</i></td>
					<td class='timestamp'>12:36:21 PM</td>
					<td class='step-details'><span class='label white-text red'>TEST CASE FAILED</span></td>
				</tr>
			</tbody>
		</table>
	</div>
					</div>
				</li>
				
				
				<li class='test displayed active  fail' status='fail' bdd='false' test-id='5'>
					<div class='test-heading'>
						<span class='test-name'>TestFunctions.Staff_AcceptEvent     @TestCase : staffVerifyEventInCalendar</span>
						<span class='test-time'>Apr 26, 2021 12:36:21 PM</span>
						<span class='test-status right fail'>fail</span>
					</div>
					<div class='test-content hide'>
<div class='test-time-info'>
	<span class='label start-time'>Apr 26, 2021 12:36:21 PM</span>
	<span class='label end-time'>Apr 26, 2021 12:36:32 PM</span>
	<span class='label time-taken grey lighten-1 white-text'>0h 0m 10s+507ms</span>
</div>
	<div class='test-steps'>
		<table class='bordered table-results'>
			<thead>
				<tr>
					<th>Status</th>
					<th>Timestamp</th>
					<th>Details</th>
				</tr>
			</thead>
			<tbody>
				<tr class='log' status='fail'>
					<td class='status fail' title='fail' alt='fail'><i class='material-icons'>cancel</i></td>
					<td class='timestamp'>12:36:32 PM</td>
					<td class='step-details'><details><summary><b><font color=red>Exception Occured:Click to see</font></b ></summary>[sun.reflect.GeneratedConstructorAccessor18.newInstance(Unknown Source)<br> sun.reflect.DelegatingConstructorAccessorImpl.newInstance(Unknown Source)<br> java.lang.reflect.Constructor.newInstance(Unknown Source)<br> org.openqa.selenium.remote.http.W3CHttpResponseCodec.createException(W3CHttpResponseCodec.java:187)<br> org.openqa.selenium.remote.http.W3CHttpResponseCodec.decode(W3CHttpResponseCodec.java:122)<br> org.openqa.selenium.remote.http.W3CHttpResponseCodec.decode(W3CHttpResponseCodec.java:49)<br> org.openqa.selenium.remote.HttpCommandExecutor.execute(HttpCommandExecutor.java:158)<br> org.openqa.selenium.remote.service.DriverCommandExecutor.execute(DriverCommandExecutor.java:83)<br> org.openqa.selenium.remote.RemoteWebDriver.execute(RemoteWebDriver.java:552)<br> org.openqa.selenium.remote.RemoteWebDriver.findElement(RemoteWebDriver.java:323)<br> org.openqa.selenium.remote.RemoteWebDriver.findElementByXPath(RemoteWebDriver.java:428)<br> org.openqa.selenium.By$ByXPath.findElement(By.java:353)<br> org.openqa.selenium.remote.RemoteWebDriver.findElement(RemoteWebDriver.java:315)<br> org.openqa.selenium.support.pagefactory.DefaultElementLocator.findElement(DefaultElementLocator.java:69)<br> org.openqa.selenium.support.pagefactory.internal.LocatingElementHandler.invoke(LocatingElementHandler.java:38)<br> com.sun.proxy.$Proxy8.toString(Unknown Source)<br> java.lang.String.valueOf(Unknown Source)<br> java.lang.StringBuilder.append(Unknown Source)<br> org.openqa.selenium.support.ui.ExpectedConditions$23.toString(ExpectedConditions.java:683)<br> java.lang.String.valueOf(Unknown Source)<br> java.lang.StringBuilder.append(Unknown Source)<br> org.openqa.selenium.support.ui.FluentWait.until(FluentWait.java:268)<br> TestFunctions.Staff_AcceptEvent.staffVerifyEventInCalendar(Staff_AcceptEvent.java:26)<br> sun.reflect.NativeMethodAccessorImpl.invoke0(Native Method)<br> sun.reflect.NativeMethodAccessorImpl.invoke(Unknown Source)<br> sun.reflect.DelegatingMethodAccessorImpl.invoke(Unknown Source)<br> java.lang.reflect.Method.invoke(Unknown Source)<br> org.testng.internal.MethodInvocationHelper.invokeMethod(MethodInvocationHelper.java:132)<br> org.testng.internal.TestInvoker.invokeMethod(TestInvoker.java:599)<br> org.testng.internal.TestInvoker.invokeTestMethod(TestInvoker.java:174)<br> org.testng.internal.MethodRunner.runInSequence(MethodRunner.java:46)<br> org.testng.internal.TestInvoker$MethodInvocationAgent.invoke(TestInvoker.java:822)<br> org.testng.internal.TestInvoker.invokeTestMethods(TestInvoker.java:147)<br> org.testng.internal.TestMethodWorker.invokeTestMethods(TestMethodWorker.java:146)<br> org.testng.internal.TestMethodWorker.run(TestMethodWorker.java:128)<br> java.util.ArrayList.forEach(Unknown Source)<br> org.testng.TestRunner.privateRun(TestRunner.java:764)<br> org.testng.TestRunner.run(TestRunner.java:585)<br> org.testng.SuiteRunner.runTest(SuiteRunner.java:384)<br> org.testng.SuiteRunner.runSequentially(SuiteRunner.java:378)<br> org.testng.SuiteRunner.privateRun(SuiteRunner.java:337)<br> org.testng.SuiteRunner.run(SuiteRunner.java:286)<br> org.testng.SuiteRunnerWorker.runSuite(SuiteRunnerWorker.java:53)<br> org.testng.SuiteRunnerWorker.run(SuiteRunnerWorker.java:96)<br> org.testng.TestNG.runSuitesSequentially(TestNG.java:1218)<br> org.testng.TestNG.runSuitesLocally(TestNG.java:1140)<br> org.testng.TestNG.runSuites(TestNG.java:1069)<br> org.testng.TestNG.run(TestNG.java:1037)<br> org.testng.remote.AbstractRemoteTestNG.run(AbstractRemoteTestNG.java:115)<br> org.testng.remote.RemoteTestNG.initAndRun(RemoteTestNG.java:251)<br> org.testng.remote.RemoteTestNG.main(RemoteTestNG.java:77)]</details></td>
				</tr>
				<tr class='log' status='fail'>
					<td class='status fail' title='fail' alt='fail'><i class='material-icons'>cancel</i></td>
					<td class='timestamp'>12:36:32 PM</td>
					<td class='step-details'><span class='label white-text red'>TEST CASE FAILED</span></td>
				</tr>
			</tbody>
		</table>
	</div>
					</div>
				</li>
				
				
				<li class='test displayed active  fail' status='fail' bdd='false' test-id='6'>
					<div class='test-heading'>
						<span class='test-name'>TestFunctions.Staff_AcceptEvent     @TestCase : acceptEventJoblist</span>
						<span class='test-time'>Apr 26, 2021 12:36:32 PM</span>
						<span class='test-status right fail'>fail</span>
					</div>
					<div class='test-content hide'>
<div class='test-time-info'>
	<span class='label start-time'>Apr 26, 2021 12:36:32 PM</span>
	<span class='label end-time'>Apr 26, 2021 12:36:42 PM</span>
	<span class='label time-taken grey lighten-1 white-text'>0h 0m 10s+481ms</span>
</div>
	<div class='test-steps'>
		<table class='bordered table-results'>
			<thead>
				<tr>
					<th>Status</th>
					<th>Timestamp</th>
					<th>Details</th>
				</tr>
			</thead>
			<tbody>
				<tr class='log' status='fail'>
					<td class='status fail' title='fail' alt='fail'><i class='material-icons'>cancel</i></td>
					<td class='timestamp'>12:36:42 PM</td>
					<td class='step-details'><details><summary><b><font color=red>Exception Occured:Click to see</font></b ></summary>[sun.reflect.GeneratedConstructorAccessor18.newInstance(Unknown Source)<br> sun.reflect.DelegatingConstructorAccessorImpl.newInstance(Unknown Source)<br> java.lang.reflect.Constructor.newInstance(Unknown Source)<br> org.openqa.selenium.remote.http.W3CHttpResponseCodec.createException(W3CHttpResponseCodec.java:187)<br> org.openqa.selenium.remote.http.W3CHttpResponseCodec.decode(W3CHttpResponseCodec.java:122)<br> org.openqa.selenium.remote.http.W3CHttpResponseCodec.decode(W3CHttpResponseCodec.java:49)<br> org.openqa.selenium.remote.HttpCommandExecutor.execute(HttpCommandExecutor.java:158)<br> org.openqa.selenium.remote.service.DriverCommandExecutor.execute(DriverCommandExecutor.java:83)<br> org.openqa.selenium.remote.RemoteWebDriver.execute(RemoteWebDriver.java:552)<br> org.openqa.selenium.remote.RemoteWebDriver.findElement(RemoteWebDriver.java:323)<br> org.openqa.selenium.remote.RemoteWebDriver.findElementByXPath(RemoteWebDriver.java:428)<br> org.openqa.selenium.By$ByXPath.findElement(By.java:353)<br> org.openqa.selenium.remote.RemoteWebDriver.findElement(RemoteWebDriver.java:315)<br> org.openqa.selenium.support.pagefactory.DefaultElementLocator.findElement(DefaultElementLocator.java:69)<br> org.openqa.selenium.support.pagefactory.internal.LocatingElementHandler.invoke(LocatingElementHandler.java:38)<br> com.sun.proxy.$Proxy8.toString(Unknown Source)<br> java.lang.String.valueOf(Unknown Source)<br> java.lang.StringBuilder.append(Unknown Source)<br> org.openqa.selenium.support.ui.ExpectedConditions$23.toString(ExpectedConditions.java:683)<br> java.lang.String.valueOf(Unknown Source)<br> java.lang.StringBuilder.append(Unknown Source)<br> org.openqa.selenium.support.ui.FluentWait.until(FluentWait.java:268)<br> TestFunctions.Staff_AcceptEvent.acceptEventJoblist(Staff_AcceptEvent.java:135)<br> sun.reflect.NativeMethodAccessorImpl.invoke0(Native Method)<br> sun.reflect.NativeMethodAccessorImpl.invoke(Unknown Source)<br> sun.reflect.DelegatingMethodAccessorImpl.invoke(Unknown Source)<br> java.lang.reflect.Method.invoke(Unknown Source)<br> org.testng.internal.MethodInvocationHelper.invokeMethod(MethodInvocationHelper.java:132)<br> org.testng.internal.TestInvoker.invokeMethod(TestInvoker.java:599)<br> org.testng.internal.TestInvoker.invokeTestMethod(TestInvoker.java:174)<br> org.testng.internal.MethodRunner.runInSequence(MethodRunner.java:46)<br> org.testng.internal.TestInvoker$MethodInvocationAgent.invoke(TestInvoker.java:822)<br> org.testng.internal.TestInvoker.invokeTestMethods(TestInvoker.java:147)<br> org.testng.internal.TestMethodWorker.invokeTestMethods(TestMethodWorker.java:146)<br> org.testng.internal.TestMethodWorker.run(TestMethodWorker.java:128)<br> java.util.ArrayList.forEach(Unknown Source)<br> org.testng.TestRunner.privateRun(TestRunner.java:764)<br> org.testng.TestRunner.run(TestRunner.java:585)<br> org.testng.SuiteRunner.runTest(SuiteRunner.java:384)<br> org.testng.SuiteRunner.runSequentially(SuiteRunner.java:378)<br> org.testng.SuiteRunner.privateRun(SuiteRunner.java:337)<br> org.testng.SuiteRunner.run(SuiteRunner.java:286)<br> org.testng.SuiteRunnerWorker.runSuite(SuiteRunnerWorker.java:53)<br> org.testng.SuiteRunnerWorker.run(SuiteRunnerWorker.java:96)<br> org.testng.TestNG.runSuitesSequentially(TestNG.java:1218)<br> org.testng.TestNG.runSuitesLocally(TestNG.java:1140)<br> org.testng.TestNG.runSuites(TestNG.java:1069)<br> org.testng.TestNG.run(TestNG.java:1037)<br> org.testng.remote.AbstractRemoteTestNG.run(AbstractRemoteTestNG.java:115)<br> org.testng.remote.RemoteTestNG.initAndRun(RemoteTestNG.java:251)<br> org.testng.remote.RemoteTestNG.main(RemoteTestNG.java:77)]</details></td>
				</tr>
				<tr class='log' status='fail'>
					<td class='status fail' title='fail' alt='fail'><i class='material-icons'>cancel</i></td>
					<td class='timestamp'>12:36:42 PM</td>
					<td class='step-details'><span class='label white-text red'>TEST CASE FAILED</span></td>
				</tr>
			</tbody>
		</table>
	</div>
					</div>
				</li>
				
				
				<li class='test displayed active  fail' status='fail' bdd='false' test-id='7'>
					<div class='test-heading'>
						<span class='test-name'>TestFunctions.Logout     @TestCase : Logout</span>
						<span class='test-time'>Apr 26, 2021 12:36:42 PM</span>
						<span class='test-status right fail'>fail</span>
					</div>
					<div class='test-content hide'>
<div class='test-time-info'>
	<span class='label start-time'>Apr 26, 2021 12:36:42 PM</span>
	<span class='label end-time'>Apr 26, 2021 12:36:53 PM</span>
	<span class='label time-taken grey lighten-1 white-text'>0h 0m 10s+490ms</span>
</div>
	<div class='test-steps'>
		<table class='bordered table-results'>
			<thead>
				<tr>
					<th>Status</th>
					<th>Timestamp</th>
					<th>Details</th>
				</tr>
			</thead>
			<tbody>
				<tr class='log' status='fail'>
					<td class='status fail' title='fail' alt='fail'><i class='material-icons'>cancel</i></td>
					<td class='timestamp'>12:36:53 PM</td>
					<td class='step-details'><details><summary><b><font color=red>Exception Occured:Click to see</font></b ></summary>[sun.reflect.GeneratedConstructorAccessor18.newInstance(Unknown Source)<br> sun.reflect.DelegatingConstructorAccessorImpl.newInstance(Unknown Source)<br> java.lang.reflect.Constructor.newInstance(Unknown Source)<br> org.openqa.selenium.remote.http.W3CHttpResponseCodec.createException(W3CHttpResponseCodec.java:187)<br> org.openqa.selenium.remote.http.W3CHttpResponseCodec.decode(W3CHttpResponseCodec.java:122)<br> org.openqa.selenium.remote.http.W3CHttpResponseCodec.decode(W3CHttpResponseCodec.java:49)<br> org.openqa.selenium.remote.HttpCommandExecutor.execute(HttpCommandExecutor.java:158)<br> org.openqa.selenium.remote.service.DriverCommandExecutor.execute(DriverCommandExecutor.java:83)<br> org.openqa.selenium.remote.RemoteWebDriver.execute(RemoteWebDriver.java:552)<br> org.openqa.selenium.remote.RemoteWebDriver.findElement(RemoteWebDriver.java:323)<br> org.openqa.selenium.remote.RemoteWebDriver.findElementByXPath(RemoteWebDriver.java:428)<br> org.openqa.selenium.By$ByXPath.findElement(By.java:353)<br> org.openqa.selenium.remote.RemoteWebDriver.findElement(RemoteWebDriver.java:315)<br> org.openqa.selenium.support.pagefactory.DefaultElementLocator.findElement(DefaultElementLocator.java:69)<br> org.openqa.selenium.support.pagefactory.internal.LocatingElementHandler.invoke(LocatingElementHandler.java:38)<br> com.sun.proxy.$Proxy8.toString(Unknown Source)<br> java.lang.String.valueOf(Unknown Source)<br> java.lang.StringBuilder.append(Unknown Source)<br> org.openqa.selenium.support.ui.ExpectedConditions$23.toString(ExpectedConditions.java:683)<br> java.lang.String.valueOf(Unknown Source)<br> java.lang.StringBuilder.append(Unknown Source)<br> org.openqa.selenium.support.ui.FluentWait.until(FluentWait.java:268)<br> TestFunctions.Logout.Logout(Logout.java:19)<br> sun.reflect.NativeMethodAccessorImpl.invoke0(Native Method)<br> sun.reflect.NativeMethodAccessorImpl.invoke(Unknown Source)<br> sun.reflect.DelegatingMethodAccessorImpl.invoke(Unknown Source)<br> java.lang.reflect.Method.invoke(Unknown Source)<br> org.testng.internal.MethodInvocationHelper.invokeMethod(MethodInvocationHelper.java:132)<br> org.testng.internal.TestInvoker.invokeMethod(TestInvoker.java:599)<br> org.testng.internal.TestInvoker.invokeTestMethod(TestInvoker.java:174)<br> org.testng.internal.MethodRunner.runInSequence(MethodRunner.java:46)<br> org.testng.internal.TestInvoker$MethodInvocationAgent.invoke(TestInvoker.java:822)<br> org.testng.internal.TestInvoker.invokeTestMethods(TestInvoker.java:147)<br> org.testng.internal.TestMethodWorker.invokeTestMethods(TestMethodWorker.java:146)<br> org.testng.internal.TestMethodWorker.run(TestMethodWorker.java:128)<br> java.util.ArrayList.forEach(Unknown Source)<br> org.testng.TestRunner.privateRun(TestRunner.java:764)<br> org.testng.TestRunner.run(TestRunner.java:585)<br> org.testng.SuiteRunner.runTest(SuiteRunner.java:384)<br> org.testng.SuiteRunner.runSequentially(SuiteRunner.java:378)<br> org.testng.SuiteRunner.privateRun(SuiteRunner.java:337)<br> org.testng.SuiteRunner.run(SuiteRunner.java:286)<br> org.testng.SuiteRunnerWorker.runSuite(SuiteRunnerWorker.java:53)<br> org.testng.SuiteRunnerWorker.run(SuiteRunnerWorker.java:96)<br> org.testng.TestNG.runSuitesSequentially(TestNG.java:1218)<br> org.testng.TestNG.runSuitesLocally(TestNG.java:1140)<br> org.testng.TestNG.runSuites(TestNG.java:1069)<br> org.testng.TestNG.run(TestNG.java:1037)<br> org.testng.remote.AbstractRemoteTestNG.run(AbstractRemoteTestNG.java:115)<br> org.testng.remote.RemoteTestNG.initAndRun(RemoteTestNG.java:251)<br> org.testng.remote.RemoteTestNG.main(RemoteTestNG.java:77)]</details></td>
				</tr>
				<tr class='log' status='fail'>
					<td class='status fail' title='fail' alt='fail'><i class='material-icons'>cancel</i></td>
					<td class='timestamp'>12:36:53 PM</td>
					<td class='step-details'><span class='label white-text red'>TEST CASE FAILED</span></td>
				</tr>
			</tbody>
		</table>
	</div>
					</div>
				</li>
				
				
				<li class='test displayed active  fail' status='fail' bdd='false' test-id='8'>
					<div class='test-heading'>
						<span class='test-name'>TestFunctions.ChangeDate_PostMethod     @TestCase : login_method</span>
						<span class='test-time'>Apr 26, 2021 12:36:53 PM</span>
						<span class='test-status right fail'>fail</span>
					</div>
					<div class='test-content hide'>
<div class='test-time-info'>
	<span class='label start-time'>Apr 26, 2021 12:36:53 PM</span>
	<span class='label end-time'>Apr 26, 2021 12:37:15 PM</span>
	<span class='label time-taken grey lighten-1 white-text'>0h 0m 22s+605ms</span>
</div>
	<div class='test-steps'>
		<table class='bordered table-results'>
			<thead>
				<tr>
					<th>Status</th>
					<th>Timestamp</th>
					<th>Details</th>
				</tr>
			</thead>
			<tbody>
				<tr class='log' status='fail'>
					<td class='status fail' title='fail' alt='fail'><i class='material-icons'>cancel</i></td>
					<td class='timestamp'>12:37:15 PM</td>
					<td class='step-details'><details><summary><b><font color=red>Exception Occured:Click to see</font></b ></summary>[java.net.DualStackPlainSocketImpl.connect0(Native Method)<br> java.net.DualStackPlainSocketImpl.socketConnect(Unknown Source)<br> java.net.AbstractPlainSocketImpl.doConnect(Unknown Source)<br> java.net.AbstractPlainSocketImpl.connectToAddress(Unknown Source)<br> java.net.AbstractPlainSocketImpl.connect(Unknown Source)<br> java.net.PlainSocketImpl.connect(Unknown Source)<br> java.net.SocksSocketImpl.connect(Unknown Source)<br> java.net.Socket.connect(Unknown Source)<br> org.apache.http.conn.scheme.PlainSocketFactory.connectSocket(PlainSocketFactory.java:120)<br> org.apache.http.impl.conn.DefaultClientConnectionOperator.openConnection(DefaultClientConnectionOperator.java:179)<br> org.apache.http.impl.conn.ManagedClientConnectionImpl.open(ManagedClientConnectionImpl.java:328)<br> org.apache.http.impl.client.DefaultRequestDirector.tryConnect(DefaultRequestDirector.java:612)<br> org.apache.http.impl.client.DefaultRequestDirector.execute(DefaultRequestDirector.java:447)<br> org.apache.http.impl.client.AbstractHttpClient.doExecute(AbstractHttpClient.java:884)<br> org.apache.http.impl.client.CloseableHttpClient.execute(CloseableHttpClient.java:82)<br> org.apache.http.impl.client.CloseableHttpClient.execute(CloseableHttpClient.java:55)<br> org.apache.http.client.HttpClient$execute$0.call(Unknown Source)<br> org.codehaus.groovy.runtime.callsite.CallSiteArray.defaultCall(CallSiteArray.java:47)<br> org.codehaus.groovy.runtime.callsite.AbstractCallSite.call(AbstractCallSite.java:125)<br> org.codehaus.groovy.runtime.callsite.AbstractCallSite.call(AbstractCallSite.java:148)<br> io.restassured.internal.RequestSpecificationImpl$RestAssuredHttpBuilder.doRequest(RequestSpecificationImpl.groovy:2055)<br> io.restassured.internal.http.HTTPBuilder.post(HTTPBuilder.java:350)<br> io.restassured.internal.http.HTTPBuilder$post$2.call(Unknown Source)<br> org.codehaus.groovy.runtime.callsite.CallSiteArray.defaultCall(CallSiteArray.java:47)<br> org.codehaus.groovy.runtime.callsite.AbstractCallSite.call(AbstractCallSite.java:125)<br> org.codehaus.groovy.runtime.callsite.AbstractCallSite.call(AbstractCallSite.java:148)<br> io.restassured.internal.RequestSpecificationImpl.sendRequest(RequestSpecificationImpl.groovy:1181)<br> sun.reflect.NativeMethodAccessorImpl.invoke0(Native Method)<br> sun.reflect.NativeMethodAccessorImpl.invoke(Unknown Source)<br> sun.reflect.DelegatingMethodAccessorImpl.invoke(Unknown Source)<br> java.lang.reflect.Method.invoke(Unknown Source)<br> org.codehaus.groovy.reflection.CachedMethod.invoke(CachedMethod.java:107)<br> groovy.lang.MetaMethod.doMethodInvoke(MetaMethod.java:323)<br> groovy.lang.MetaClassImpl.invokeMethod(MetaClassImpl.java:1262)<br> groovy.lang.MetaClassImpl.invokeMethod(MetaClassImpl.java:1029)<br> groovy.lang.MetaClassImpl.invokeMethod(MetaClassImpl.java:816)<br> groovy.lang.GroovyObject.invokeMethod(GroovyObject.java:39)<br> org.codehaus.groovy.runtime.callsite.PogoInterceptableSite.call(PogoInterceptableSite.java:45)<br> org.codehaus.groovy.runtime.callsite.CallSiteArray.defaultCall(CallSiteArray.java:47)<br> org.codehaus.groovy.runtime.callsite.AbstractCallSite.call(AbstractCallSite.java:125)<br> org.codehaus.groovy.runtime.callsite.AbstractCallSite.call(AbstractCallSite.java:166)<br> io.restassured.internal.filter.SendRequestFilter.filter(SendRequestFilter.groovy:30)<br> io.restassured.filter.Filter$filter$0.call(Unknown Source)<br> org.codehaus.groovy.runtime.callsite.CallSiteArray.defaultCall(CallSiteArray.java:47)<br> io.restassured.filter.Filter$filter.call(Unknown Source)<br> io.restassured.internal.filter.FilterContextImpl.next(FilterContextImpl.groovy:72)<br> io.restassured.filter.time.TimingFilter.filter(TimingFilter.java:56)<br> io.restassured.filter.Filter$filter.call(Unknown Source)<br> org.codehaus.groovy.runtime.callsite.CallSiteArray.defaultCall(CallSiteArray.java:47)<br> org.codehaus.groovy.runtime.callsite.AbstractCallSite.call(AbstractCallSite.java:125)<br> org.codehaus.groovy.runtime.callsite.AbstractCallSite.call(AbstractCallSite.java:157)<br> io.restassured.internal.filter.FilterContextImpl.next(FilterContextImpl.groovy:72)<br> io.restassured.filter.FilterContext$next.call(Unknown Source)<br> org.codehaus.groovy.runtime.callsite.CallSiteArray.defaultCall(CallSiteArray.java:47)<br> org.codehaus.groovy.runtime.callsite.AbstractCallSite.call(AbstractCallSite.java:125)<br> org.codehaus.groovy.runtime.callsite.AbstractCallSite.call(AbstractCallSite.java:148)<br> io.restassured.internal.RequestSpecificationImpl.applyPathParamsAndSendRequest(RequestSpecificationImpl.groovy:1655)<br> sun.reflect.NativeMethodAccessorImpl.invoke0(Native Method)<br> sun.reflect.NativeMethodAccessorImpl.invoke(Unknown Source)<br> sun.reflect.DelegatingMethodAccessorImpl.invoke(Unknown Source)<br> java.lang.reflect.Method.invoke(Unknown Source)<br> org.codehaus.groovy.reflection.CachedMethod.invoke(CachedMethod.java:107)<br> groovy.lang.MetaMethod.doMethodInvoke(MetaMethod.java:323)<br> groovy.lang.MetaClassImpl.invokeMethod(MetaClassImpl.java:1262)<br> groovy.lang.MetaClassImpl.invokeMethod(MetaClassImpl.java:1029)<br> groovy.lang.MetaClassImpl.invokeMethod(MetaClassImpl.java:816)<br> groovy.lang.GroovyObject.invokeMethod(GroovyObject.java:39)<br> org.codehaus.groovy.runtime.callsite.PogoInterceptableSite.call(PogoInterceptableSite.java:45)<br> org.codehaus.groovy.runtime.callsite.PogoInterceptableSite.callCurrent(PogoInterceptableSite.java:55)<br> org.codehaus.groovy.runtime.callsite.CallSiteArray.defaultCallCurrent(CallSiteArray.java:51)<br> org.codehaus.groovy.runtime.callsite.AbstractCallSite.callCurrent(AbstractCallSite.java:171)<br> org.codehaus.groovy.runtime.callsite.AbstractCallSite.callCurrent(AbstractCallSite.java:203)<br> io.restassured.internal.RequestSpecificationImpl.applyPathParamsAndSendRequest(RequestSpecificationImpl.groovy:1661)<br> sun.reflect.NativeMethodAccessorImpl.invoke0(Native Method)<br> sun.reflect.NativeMethodAccessorImpl.invoke(Unknown Source)<br> sun.reflect.DelegatingMethodAccessorImpl.invoke(Unknown Source)<br> java.lang.reflect.Method.invoke(Unknown Source)<br> org.codehaus.groovy.reflection.CachedMethod.invoke(CachedMethod.java:107)<br> groovy.lang.MetaMethod.doMethodInvoke(MetaMethod.java:323)<br> groovy.lang.MetaClassImpl.invokeMethod(MetaClassImpl.java:1262)<br> groovy.lang.MetaClassImpl.invokeMethod(MetaClassImpl.java:1029)<br> groovy.lang.MetaClassImpl.invokeMethod(MetaClassImpl.java:816)<br> groovy.lang.GroovyObject.invokeMethod(GroovyObject.java:39)<br> org.codehaus.groovy.runtime.callsite.PogoInterceptableSite.call(PogoInterceptableSite.java:45)<br> org.codehaus.groovy.runtime.callsite.PogoInterceptableSite.callCurrent(PogoInterceptableSite.java:55)<br> org.codehaus.groovy.runtime.callsite.CallSiteArray.defaultCallCurrent(CallSiteArray.java:51)<br> org.codehaus.groovy.runtime.callsite.AbstractCallSite.callCurrent(AbstractCallSite.java:171)<br> org.codehaus.groovy.runtime.callsite.AbstractCallSite.callCurrent(AbstractCallSite.java:203)<br> io.restassured.internal.RequestSpecificationImpl.post(RequestSpecificationImpl.groovy:175)<br> io.restassured.internal.RequestSpecificationImpl.post(RequestSpecificationImpl.groovy)<br> TestFunctions.ChangeDate_PostMethod.login_method(ChangeDate_PostMethod.java:44)<br> sun.reflect.NativeMethodAccessorImpl.invoke0(Native Method)<br> sun.reflect.NativeMethodAccessorImpl.invoke(Unknown Source)<br> sun.reflect.DelegatingMethodAccessorImpl.invoke(Unknown Source)<br> java.lang.reflect.Method.invoke(Unknown Source)<br> org.testng.internal.MethodInvocationHelper.invokeMethod(MethodInvocationHelper.java:132)<br> org.testng.internal.TestInvoker.invokeMethod(TestInvoker.java:599)<br> org.testng.internal.TestInvoker.invokeTestMethod(TestInvoker.java:174)<br> org.testng.internal.MethodRunner.runInSequence(MethodRunner.java:46)<br> org.testng.internal.TestInvoker$MethodInvocationAgent.invoke(TestInvoker.java:822)<br> org.testng.internal.TestInvoker.invokeTestMethods(TestInvoker.java:147)<br> org.testng.internal.TestMethodWorker.invokeTestMethods(TestMethodWorker.java:146)<br> org.testng.internal.TestMethodWorker.run(TestMethodWorker.java:128)<br> java.util.ArrayList.forEach(Unknown Source)<br> org.testng.TestRunner.privateRun(TestRunner.java:764)<br> org.testng.TestRunner.run(TestRunner.java:585)<br> org.testng.SuiteRunner.runTest(SuiteRunner.java:384)<br> org.testng.SuiteRunner.runSequentially(SuiteRunner.java:378)<br> org.testng.SuiteRunner.privateRun(SuiteRunner.java:337)<br> org.testng.SuiteRunner.run(SuiteRunner.java:286)<br> org.testng.SuiteRunnerWorker.runSuite(SuiteRunnerWorker.java:53)<br> org.testng.SuiteRunnerWorker.run(SuiteRunnerWorker.java:96)<br> org.testng.TestNG.runSuitesSequentially(TestNG.java:1218)<br> org.testng.TestNG.runSuitesLocally(TestNG.java:1140)<br> org.testng.TestNG.runSuites(TestNG.java:1069)<br> org.testng.TestNG.run(TestNG.java:1037)<br> org.testng.remote.AbstractRemoteTestNG.run(AbstractRemoteTestNG.java:115)<br> org.testng.remote.RemoteTestNG.initAndRun(RemoteTestNG.java:251)<br> org.testng.remote.RemoteTestNG.main(RemoteTestNG.java:77)]</details></td>
				</tr>
				<tr class='log' status='fail'>
					<td class='status fail' title='fail' alt='fail'><i class='material-icons'>cancel</i></td>
					<td class='timestamp'>12:37:15 PM</td>
					<td class='step-details'><span class='label white-text red'>TEST CASE FAILED</span></td>
				</tr>
			</tbody>
		</table>
	</div>
					</div>
				</li>
				
				
				<li class='test displayed active  fail' status='fail' bdd='false' test-id='9'>
					<div class='test-heading'>
						<span class='test-name'>TestFunctions.ChangeDate_PostMethod     @TestCase : changedate_method</span>
						<span class='test-time'>Apr 26, 2021 12:37:15 PM</span>
						<span class='test-status right fail'>fail</span>
					</div>
					<div class='test-content hide'>
<div class='test-time-info'>
	<span class='label start-time'>Apr 26, 2021 12:37:15 PM</span>
	<span class='label end-time'>Apr 26, 2021 12:37:15 PM</span>
	<span class='label time-taken grey lighten-1 white-text'>0h 0m 0s+8ms</span>
</div>
	<div class='test-steps'>
		<table class='bordered table-results'>
			<thead>
				<tr>
					<th>Status</th>
					<th>Timestamp</th>
					<th>Details</th>
				</tr>
			</thead>
			<tbody>
				<tr class='log' status='fail'>
					<td class='status fail' title='fail' alt='fail'><i class='material-icons'>cancel</i></td>
					<td class='timestamp'>12:37:15 PM</td>
					<td class='step-details'><details><summary><b><font color=red>Exception Occured:Click to see</font></b ></summary>[sun.reflect.NativeConstructorAccessorImpl.newInstance0(Native Method)<br> sun.reflect.NativeConstructorAccessorImpl.newInstance(Unknown Source)<br> sun.reflect.DelegatingConstructorAccessorImpl.newInstance(Unknown Source)<br> java.lang.reflect.Constructor.newInstance(Unknown Source)<br> org.codehaus.groovy.reflection.CachedConstructor.invoke(CachedConstructor.java:72)<br> org.codehaus.groovy.reflection.CachedConstructor.doConstructorInvoke(CachedConstructor.java:59)<br> org.codehaus.groovy.runtime.callsite.ConstructorSite$ConstructorSiteNoUnwrap.callConstructor(ConstructorSite.java:84)<br> org.codehaus.groovy.runtime.callsite.CallSiteArray.defaultCallConstructor(CallSiteArray.java:59)<br> org.codehaus.groovy.runtime.callsite.AbstractCallSite.callConstructor(AbstractCallSite.java:263)<br> org.codehaus.groovy.runtime.callsite.AbstractCallSite.callConstructor(AbstractCallSite.java:277)<br> io.restassured.internal.common.assertion.AssertParameter.notNull(AssertParameter.groovy:26)<br> io.restassured.internal.common.assertion.AssertParameter$notNull.callStatic(Unknown Source)<br> org.codehaus.groovy.runtime.callsite.CallSiteArray.defaultCallStatic(CallSiteArray.java:55)<br> io.restassured.internal.common.assertion.AssertParameter$notNull.callStatic(Unknown Source)<br> io.restassured.internal.RequestSpecificationImpl.header(RequestSpecificationImpl.groovy:843)<br> TestFunctions.ChangeDate_PostMethod.changedate_method(ChangeDate_PostMethod.java:57)<br> sun.reflect.NativeMethodAccessorImpl.invoke0(Native Method)<br> sun.reflect.NativeMethodAccessorImpl.invoke(Unknown Source)<br> sun.reflect.DelegatingMethodAccessorImpl.invoke(Unknown Source)<br> java.lang.reflect.Method.invoke(Unknown Source)<br> org.testng.internal.MethodInvocationHelper.invokeMethod(MethodInvocationHelper.java:132)<br> org.testng.internal.TestInvoker.invokeMethod(TestInvoker.java:599)<br> org.testng.internal.TestInvoker.invokeTestMethod(TestInvoker.java:174)<br> org.testng.internal.MethodRunner.runInSequence(MethodRunner.java:46)<br> org.testng.internal.TestInvoker$MethodInvocationAgent.invoke(TestInvoker.java:822)<br> org.testng.internal.TestInvoker.invokeTestMethods(TestInvoker.java:147)<br> org.testng.internal.TestMethodWorker.invokeTestMethods(TestMethodWorker.java:146)<br> org.testng.internal.TestMethodWorker.run(TestMethodWorker.java:128)<br> java.util.ArrayList.forEach(Unknown Source)<br> org.testng.TestRunner.privateRun(TestRunner.java:764)<br> org.testng.TestRunner.run(TestRunner.java:585)<br> org.testng.SuiteRunner.runTest(SuiteRunner.java:384)<br> org.testng.SuiteRunner.runSequentially(SuiteRunner.java:378)<br> org.testng.SuiteRunner.privateRun(SuiteRunner.java:337)<br> org.testng.SuiteRunner.run(SuiteRunner.java:286)<br> org.testng.SuiteRunnerWorker.runSuite(SuiteRunnerWorker.java:53)<br> org.testng.SuiteRunnerWorker.run(SuiteRunnerWorker.java:96)<br> org.testng.TestNG.runSuitesSequentially(TestNG.java:1218)<br> org.testng.TestNG.runSuitesLocally(TestNG.java:1140)<br> org.testng.TestNG.runSuites(TestNG.java:1069)<br> org.testng.TestNG.run(TestNG.java:1037)<br> org.testng.remote.AbstractRemoteTestNG.run(AbstractRemoteTestNG.java:115)<br> org.testng.remote.RemoteTestNG.initAndRun(RemoteTestNG.java:251)<br> org.testng.remote.RemoteTestNG.main(RemoteTestNG.java:77)]</details></td>
				</tr>
				<tr class='log' status='fail'>
					<td class='status fail' title='fail' alt='fail'><i class='material-icons'>cancel</i></td>
					<td class='timestamp'>12:37:15 PM</td>
					<td class='step-details'><span class='label white-text red'>TEST CASE FAILED</span></td>
				</tr>
			</tbody>
		</table>
	</div>
					</div>
				</li>
				
				
				<li class='test displayed active  fail' status='fail' bdd='false' test-id='10'>
					<div class='test-heading'>
						<span class='test-name'>TestFunctions.Login_Staff     @TestCase : verifyLogin</span>
						<span class='test-time'>Apr 26, 2021 12:37:16 PM</span>
						<span class='test-status right fail'>fail</span>
					</div>
					<div class='test-content hide'>
<div class='test-time-info'>
	<span class='label start-time'>Apr 26, 2021 12:37:16 PM</span>
	<span class='label end-time'>Apr 26, 2021 12:37:26 PM</span>
	<span class='label time-taken grey lighten-1 white-text'>0h 0m 10s+522ms</span>
</div>
	<div class='test-steps'>
		<table class='bordered table-results'>
			<thead>
				<tr>
					<th>Status</th>
					<th>Timestamp</th>
					<th>Details</th>
				</tr>
			</thead>
			<tbody>
				<tr class='log' status='fail'>
					<td class='status fail' title='fail' alt='fail'><i class='material-icons'>cancel</i></td>
					<td class='timestamp'>12:37:26 PM</td>
					<td class='step-details'><details><summary><b><font color=red>Exception Occured:Click to see</font></b ></summary>[sun.reflect.GeneratedConstructorAccessor18.newInstance(Unknown Source)<br> sun.reflect.DelegatingConstructorAccessorImpl.newInstance(Unknown Source)<br> java.lang.reflect.Constructor.newInstance(Unknown Source)<br> org.openqa.selenium.remote.http.W3CHttpResponseCodec.createException(W3CHttpResponseCodec.java:187)<br> org.openqa.selenium.remote.http.W3CHttpResponseCodec.decode(W3CHttpResponseCodec.java:122)<br> org.openqa.selenium.remote.http.W3CHttpResponseCodec.decode(W3CHttpResponseCodec.java:49)<br> org.openqa.selenium.remote.HttpCommandExecutor.execute(HttpCommandExecutor.java:158)<br> org.openqa.selenium.remote.service.DriverCommandExecutor.execute(DriverCommandExecutor.java:83)<br> org.openqa.selenium.remote.RemoteWebDriver.execute(RemoteWebDriver.java:552)<br> org.openqa.selenium.remote.RemoteWebDriver.findElement(RemoteWebDriver.java:323)<br> org.openqa.selenium.remote.RemoteWebDriver.findElementByXPath(RemoteWebDriver.java:428)<br> org.openqa.selenium.By$ByXPath.findElement(By.java:353)<br> org.openqa.selenium.remote.RemoteWebDriver.findElement(RemoteWebDriver.java:315)<br> org.openqa.selenium.support.pagefactory.DefaultElementLocator.findElement(DefaultElementLocator.java:69)<br> org.openqa.selenium.support.pagefactory.internal.LocatingElementHandler.invoke(LocatingElementHandler.java:38)<br> com.sun.proxy.$Proxy8.toString(Unknown Source)<br> java.lang.String.valueOf(Unknown Source)<br> java.lang.StringBuilder.append(Unknown Source)<br> org.openqa.selenium.support.ui.ExpectedConditions$23.toString(ExpectedConditions.java:683)<br> java.lang.String.valueOf(Unknown Source)<br> java.lang.StringBuilder.append(Unknown Source)<br> org.openqa.selenium.support.ui.FluentWait.until(FluentWait.java:268)<br> TestFunctions.Login_Staff.verifyLogin(Login_Staff.java:28)<br> sun.reflect.NativeMethodAccessorImpl.invoke0(Native Method)<br> sun.reflect.NativeMethodAccessorImpl.invoke(Unknown Source)<br> sun.reflect.DelegatingMethodAccessorImpl.invoke(Unknown Source)<br> java.lang.reflect.Method.invoke(Unknown Source)<br> org.testng.internal.MethodInvocationHelper.invokeMethod(MethodInvocationHelper.java:132)<br> org.testng.internal.TestInvoker.invokeMethod(TestInvoker.java:599)<br> org.testng.internal.TestInvoker.invokeTestMethod(TestInvoker.java:174)<br> org.testng.internal.MethodRunner.runInSequence(MethodRunner.java:46)<br> org.testng.internal.TestInvoker$MethodInvocationAgent.invoke(TestInvoker.java:822)<br> org.testng.internal.TestInvoker.invokeTestMethods(TestInvoker.java:147)<br> org.testng.internal.TestMethodWorker.invokeTestMethods(TestMethodWorker.java:146)<br> org.testng.internal.TestMethodWorker.run(TestMethodWorker.java:128)<br> java.util.ArrayList.forEach(Unknown Source)<br> org.testng.TestRunner.privateRun(TestRunner.java:764)<br> org.testng.TestRunner.run(TestRunner.java:585)<br> org.testng.SuiteRunner.runTest(SuiteRunner.java:384)<br> org.testng.SuiteRunner.runSequentially(SuiteRunner.java:378)<br> org.testng.SuiteRunner.privateRun(SuiteRunner.java:337)<br> org.testng.SuiteRunner.run(SuiteRunner.java:286)<br> org.testng.SuiteRunnerWorker.runSuite(SuiteRunnerWorker.java:53)<br> org.testng.SuiteRunnerWorker.run(SuiteRunnerWorker.java:96)<br> org.testng.TestNG.runSuitesSequentially(TestNG.java:1218)<br> org.testng.TestNG.runSuitesLocally(TestNG.java:1140)<br> org.testng.TestNG.runSuites(TestNG.java:1069)<br> org.testng.TestNG.run(TestNG.java:1037)<br> org.testng.remote.AbstractRemoteTestNG.run(AbstractRemoteTestNG.java:115)<br> org.testng.remote.RemoteTestNG.initAndRun(RemoteTestNG.java:251)<br> org.testng.remote.RemoteTestNG.main(RemoteTestNG.java:77)]</details></td>
				</tr>
				<tr class='log' status='fail'>
					<td class='status fail' title='fail' alt='fail'><i class='material-icons'>cancel</i></td>
					<td class='timestamp'>12:37:26 PM</td>
					<td class='step-details'><span class='label white-text red'>TEST CASE FAILED</span></td>
				</tr>
			</tbody>
		</table>
	</div>
					</div>
				</li>
				
				
				<li class='test displayed active  fail' status='fail' bdd='false' test-id='11'>
					<div class='test-heading'>
						<span class='test-name'>TestFunctions.Staff_ClaimEvent     @TestCase : staffVerifyEventInCalendar</span>
						<span class='test-time'>Apr 26, 2021 12:37:26 PM</span>
						<span class='test-status right fail'>fail</span>
					</div>
					<div class='test-content hide'>
<div class='test-time-info'>
	<span class='label start-time'>Apr 26, 2021 12:37:26 PM</span>
	<span class='label end-time'>Apr 26, 2021 12:37:37 PM</span>
	<span class='label time-taken grey lighten-1 white-text'>0h 0m 10s+478ms</span>
</div>
	<div class='test-steps'>
		<table class='bordered table-results'>
			<thead>
				<tr>
					<th>Status</th>
					<th>Timestamp</th>
					<th>Details</th>
				</tr>
			</thead>
			<tbody>
				<tr class='log' status='fail'>
					<td class='status fail' title='fail' alt='fail'><i class='material-icons'>cancel</i></td>
					<td class='timestamp'>12:37:37 PM</td>
					<td class='step-details'><details><summary><b><font color=red>Exception Occured:Click to see</font></b ></summary>[sun.reflect.GeneratedConstructorAccessor18.newInstance(Unknown Source)<br> sun.reflect.DelegatingConstructorAccessorImpl.newInstance(Unknown Source)<br> java.lang.reflect.Constructor.newInstance(Unknown Source)<br> org.openqa.selenium.remote.http.W3CHttpResponseCodec.createException(W3CHttpResponseCodec.java:187)<br> org.openqa.selenium.remote.http.W3CHttpResponseCodec.decode(W3CHttpResponseCodec.java:122)<br> org.openqa.selenium.remote.http.W3CHttpResponseCodec.decode(W3CHttpResponseCodec.java:49)<br> org.openqa.selenium.remote.HttpCommandExecutor.execute(HttpCommandExecutor.java:158)<br> org.openqa.selenium.remote.service.DriverCommandExecutor.execute(DriverCommandExecutor.java:83)<br> org.openqa.selenium.remote.RemoteWebDriver.execute(RemoteWebDriver.java:552)<br> org.openqa.selenium.remote.RemoteWebDriver.findElement(RemoteWebDriver.java:323)<br> org.openqa.selenium.remote.RemoteWebDriver.findElementByXPath(RemoteWebDriver.java:428)<br> org.openqa.selenium.By$ByXPath.findElement(By.java:353)<br> org.openqa.selenium.remote.RemoteWebDriver.findElement(RemoteWebDriver.java:315)<br> org.openqa.selenium.support.pagefactory.DefaultElementLocator.findElement(DefaultElementLocator.java:69)<br> org.openqa.selenium.support.pagefactory.internal.LocatingElementHandler.invoke(LocatingElementHandler.java:38)<br> com.sun.proxy.$Proxy8.toString(Unknown Source)<br> java.lang.String.valueOf(Unknown Source)<br> java.lang.StringBuilder.append(Unknown Source)<br> org.openqa.selenium.support.ui.ExpectedConditions$23.toString(ExpectedConditions.java:683)<br> java.lang.String.valueOf(Unknown Source)<br> java.lang.StringBuilder.append(Unknown Source)<br> org.openqa.selenium.support.ui.FluentWait.until(FluentWait.java:268)<br> TestFunctions.Staff_ClaimEvent.staffVerifyEventInCalendar(Staff_ClaimEvent.java:26)<br> sun.reflect.NativeMethodAccessorImpl.invoke0(Native Method)<br> sun.reflect.NativeMethodAccessorImpl.invoke(Unknown Source)<br> sun.reflect.DelegatingMethodAccessorImpl.invoke(Unknown Source)<br> java.lang.reflect.Method.invoke(Unknown Source)<br> org.testng.internal.MethodInvocationHelper.invokeMethod(MethodInvocationHelper.java:132)<br> org.testng.internal.TestInvoker.invokeMethod(TestInvoker.java:599)<br> org.testng.internal.TestInvoker.invokeTestMethod(TestInvoker.java:174)<br> org.testng.internal.MethodRunner.runInSequence(MethodRunner.java:46)<br> org.testng.internal.TestInvoker$MethodInvocationAgent.invoke(TestInvoker.java:822)<br> org.testng.internal.TestInvoker.invokeTestMethods(TestInvoker.java:147)<br> org.testng.internal.TestMethodWorker.invokeTestMethods(TestMethodWorker.java:146)<br> org.testng.internal.TestMethodWorker.run(TestMethodWorker.java:128)<br> java.util.ArrayList.forEach(Unknown Source)<br> org.testng.TestRunner.privateRun(TestRunner.java:764)<br> org.testng.TestRunner.run(TestRunner.java:585)<br> org.testng.SuiteRunner.runTest(SuiteRunner.java:384)<br> org.testng.SuiteRunner.runSequentially(SuiteRunner.java:378)<br> org.testng.SuiteRunner.privateRun(SuiteRunner.java:337)<br> org.testng.SuiteRunner.run(SuiteRunner.java:286)<br> org.testng.SuiteRunnerWorker.runSuite(SuiteRunnerWorker.java:53)<br> org.testng.SuiteRunnerWorker.run(SuiteRunnerWorker.java:96)<br> org.testng.TestNG.runSuitesSequentially(TestNG.java:1218)<br> org.testng.TestNG.runSuitesLocally(TestNG.java:1140)<br> org.testng.TestNG.runSuites(TestNG.java:1069)<br> org.testng.TestNG.run(TestNG.java:1037)<br> org.testng.remote.AbstractRemoteTestNG.run(AbstractRemoteTestNG.java:115)<br> org.testng.remote.RemoteTestNG.initAndRun(RemoteTestNG.java:251)<br> org.testng.remote.RemoteTestNG.main(RemoteTestNG.java:77)]</details></td>
				</tr>
				<tr class='log' status='fail'>
					<td class='status fail' title='fail' alt='fail'><i class='material-icons'>cancel</i></td>
					<td class='timestamp'>12:37:37 PM</td>
					<td class='step-details'><span class='label white-text red'>TEST CASE FAILED</span></td>
				</tr>
			</tbody>
		</table>
	</div>
					</div>
				</li>
				
				
				<li class='test displayed active  fail' status='fail' bdd='false' test-id='12'>
					<div class='test-heading'>
						<span class='test-name'>TestFunctions.Logout     @TestCase : Logout</span>
						<span class='test-time'>Apr 26, 2021 12:37:37 PM</span>
						<span class='test-status right fail'>fail</span>
					</div>
					<div class='test-content hide'>
<div class='test-time-info'>
	<span class='label start-time'>Apr 26, 2021 12:37:37 PM</span>
	<span class='label end-time'>Apr 26, 2021 12:37:47 PM</span>
	<span class='label time-taken grey lighten-1 white-text'>0h 0m 10s+508ms</span>
</div>
	<div class='test-steps'>
		<table class='bordered table-results'>
			<thead>
				<tr>
					<th>Status</th>
					<th>Timestamp</th>
					<th>Details</th>
				</tr>
			</thead>
			<tbody>
				<tr class='log' status='fail'>
					<td class='status fail' title='fail' alt='fail'><i class='material-icons'>cancel</i></td>
					<td class='timestamp'>12:37:47 PM</td>
					<td class='step-details'><details><summary><b><font color=red>Exception Occured:Click to see</font></b ></summary>[sun.reflect.GeneratedConstructorAccessor18.newInstance(Unknown Source)<br> sun.reflect.DelegatingConstructorAccessorImpl.newInstance(Unknown Source)<br> java.lang.reflect.Constructor.newInstance(Unknown Source)<br> org.openqa.selenium.remote.http.W3CHttpResponseCodec.createException(W3CHttpResponseCodec.java:187)<br> org.openqa.selenium.remote.http.W3CHttpResponseCodec.decode(W3CHttpResponseCodec.java:122)<br> org.openqa.selenium.remote.http.W3CHttpResponseCodec.decode(W3CHttpResponseCodec.java:49)<br> org.openqa.selenium.remote.HttpCommandExecutor.execute(HttpCommandExecutor.java:158)<br> org.openqa.selenium.remote.service.DriverCommandExecutor.execute(DriverCommandExecutor.java:83)<br> org.openqa.selenium.remote.RemoteWebDriver.execute(RemoteWebDriver.java:552)<br> org.openqa.selenium.remote.RemoteWebDriver.findElement(RemoteWebDriver.java:323)<br> org.openqa.selenium.remote.RemoteWebDriver.findElementByXPath(RemoteWebDriver.java:428)<br> org.openqa.selenium.By$ByXPath.findElement(By.java:353)<br> org.openqa.selenium.remote.RemoteWebDriver.findElement(RemoteWebDriver.java:315)<br> org.openqa.selenium.support.pagefactory.DefaultElementLocator.findElement(DefaultElementLocator.java:69)<br> org.openqa.selenium.support.pagefactory.internal.LocatingElementHandler.invoke(LocatingElementHandler.java:38)<br> com.sun.proxy.$Proxy8.toString(Unknown Source)<br> java.lang.String.valueOf(Unknown Source)<br> java.lang.StringBuilder.append(Unknown Source)<br> org.openqa.selenium.support.ui.ExpectedConditions$23.toString(ExpectedConditions.java:683)<br> java.lang.String.valueOf(Unknown Source)<br> java.lang.StringBuilder.append(Unknown Source)<br> org.openqa.selenium.support.ui.FluentWait.until(FluentWait.java:268)<br> TestFunctions.Logout.Logout(Logout.java:19)<br> sun.reflect.NativeMethodAccessorImpl.invoke0(Native Method)<br> sun.reflect.NativeMethodAccessorImpl.invoke(Unknown Source)<br> sun.reflect.DelegatingMethodAccessorImpl.invoke(Unknown Source)<br> java.lang.reflect.Method.invoke(Unknown Source)<br> org.testng.internal.MethodInvocationHelper.invokeMethod(MethodInvocationHelper.java:132)<br> org.testng.internal.TestInvoker.invokeMethod(TestInvoker.java:599)<br> org.testng.internal.TestInvoker.invokeTestMethod(TestInvoker.java:174)<br> org.testng.internal.MethodRunner.runInSequence(MethodRunner.java:46)<br> org.testng.internal.TestInvoker$MethodInvocationAgent.invoke(TestInvoker.java:822)<br> org.testng.internal.TestInvoker.invokeTestMethods(TestInvoker.java:147)<br> org.testng.internal.TestMethodWorker.invokeTestMethods(TestMethodWorker.java:146)<br> org.testng.internal.TestMethodWorker.run(TestMethodWorker.java:128)<br> java.util.ArrayList.forEach(Unknown Source)<br> org.testng.TestRunner.privateRun(TestRunner.java:764)<br> org.testng.TestRunner.run(TestRunner.java:585)<br> org.testng.SuiteRunner.runTest(SuiteRunner.java:384)<br> org.testng.SuiteRunner.runSequentially(SuiteRunner.java:378)<br> org.testng.SuiteRunner.privateRun(SuiteRunner.java:337)<br> org.testng.SuiteRunner.run(SuiteRunner.java:286)<br> org.testng.SuiteRunnerWorker.runSuite(SuiteRunnerWorker.java:53)<br> org.testng.SuiteRunnerWorker.run(SuiteRunnerWorker.java:96)<br> org.testng.TestNG.runSuitesSequentially(TestNG.java:1218)<br> org.testng.TestNG.runSuitesLocally(TestNG.java:1140)<br> org.testng.TestNG.runSuites(TestNG.java:1069)<br> org.testng.TestNG.run(TestNG.java:1037)<br> org.testng.remote.AbstractRemoteTestNG.run(AbstractRemoteTestNG.java:115)<br> org.testng.remote.RemoteTestNG.initAndRun(RemoteTestNG.java:251)<br> org.testng.remote.RemoteTestNG.main(RemoteTestNG.java:77)]</details></td>
				</tr>
				<tr class='log' status='fail'>
					<td class='status fail' title='fail' alt='fail'><i class='material-icons'>cancel</i></td>
					<td class='timestamp'>12:37:47 PM</td>
					<td class='step-details'><span class='label white-text red'>TEST CASE FAILED</span></td>
				</tr>
			</tbody>
		</table>
	</div>
					</div>
				</li>
				
				
				<li class='test displayed active  fail' status='fail' bdd='false' test-id='13'>
					<div class='test-heading'>
						<span class='test-name'>TestFunctions.Login_Student     @TestCase : verifyLogin</span>
						<span class='test-time'>Apr 26, 2021 12:37:47 PM</span>
						<span class='test-status right fail'>fail</span>
					</div>
					<div class='test-content hide'>
<div class='test-time-info'>
	<span class='label start-time'>Apr 26, 2021 12:37:47 PM</span>
	<span class='label end-time'>Apr 26, 2021 12:37:58 PM</span>
	<span class='label time-taken grey lighten-1 white-text'>0h 0m 10s+486ms</span>
</div>
	<div class='test-steps'>
		<table class='bordered table-results'>
			<thead>
				<tr>
					<th>Status</th>
					<th>Timestamp</th>
					<th>Details</th>
				</tr>
			</thead>
			<tbody>
				<tr class='log' status='fail'>
					<td class='status fail' title='fail' alt='fail'><i class='material-icons'>cancel</i></td>
					<td class='timestamp'>12:37:58 PM</td>
					<td class='step-details'><details><summary><b><font color=red>Exception Occured:Click to see</font></b ></summary>[sun.reflect.GeneratedConstructorAccessor18.newInstance(Unknown Source)<br> sun.reflect.DelegatingConstructorAccessorImpl.newInstance(Unknown Source)<br> java.lang.reflect.Constructor.newInstance(Unknown Source)<br> org.openqa.selenium.remote.http.W3CHttpResponseCodec.createException(W3CHttpResponseCodec.java:187)<br> org.openqa.selenium.remote.http.W3CHttpResponseCodec.decode(W3CHttpResponseCodec.java:122)<br> org.openqa.selenium.remote.http.W3CHttpResponseCodec.decode(W3CHttpResponseCodec.java:49)<br> org.openqa.selenium.remote.HttpCommandExecutor.execute(HttpCommandExecutor.java:158)<br> org.openqa.selenium.remote.service.DriverCommandExecutor.execute(DriverCommandExecutor.java:83)<br> org.openqa.selenium.remote.RemoteWebDriver.execute(RemoteWebDriver.java:552)<br> org.openqa.selenium.remote.RemoteWebDriver.findElement(RemoteWebDriver.java:323)<br> org.openqa.selenium.remote.RemoteWebDriver.findElementByXPath(RemoteWebDriver.java:428)<br> org.openqa.selenium.By$ByXPath.findElement(By.java:353)<br> org.openqa.selenium.remote.RemoteWebDriver.findElement(RemoteWebDriver.java:315)<br> org.openqa.selenium.support.pagefactory.DefaultElementLocator.findElement(DefaultElementLocator.java:69)<br> org.openqa.selenium.support.pagefactory.internal.LocatingElementHandler.invoke(LocatingElementHandler.java:38)<br> com.sun.proxy.$Proxy8.toString(Unknown Source)<br> java.lang.String.valueOf(Unknown Source)<br> java.lang.StringBuilder.append(Unknown Source)<br> org.openqa.selenium.support.ui.ExpectedConditions$23.toString(ExpectedConditions.java:683)<br> java.lang.String.valueOf(Unknown Source)<br> java.lang.StringBuilder.append(Unknown Source)<br> org.openqa.selenium.support.ui.FluentWait.until(FluentWait.java:268)<br> TestFunctions.Login_Student.verifyLogin(Login_Student.java:28)<br> sun.reflect.NativeMethodAccessorImpl.invoke0(Native Method)<br> sun.reflect.NativeMethodAccessorImpl.invoke(Unknown Source)<br> sun.reflect.DelegatingMethodAccessorImpl.invoke(Unknown Source)<br> java.lang.reflect.Method.invoke(Unknown Source)<br> org.testng.internal.MethodInvocationHelper.invokeMethod(MethodInvocationHelper.java:132)<br> org.testng.internal.TestInvoker.invokeMethod(TestInvoker.java:599)<br> org.testng.internal.TestInvoker.invokeTestMethod(TestInvoker.java:174)<br> org.testng.internal.MethodRunner.runInSequence(MethodRunner.java:46)<br> org.testng.internal.TestInvoker$MethodInvocationAgent.invoke(TestInvoker.java:822)<br> org.testng.internal.TestInvoker.invokeTestMethods(TestInvoker.java:147)<br> org.testng.internal.TestMethodWorker.invokeTestMethods(TestMethodWorker.java:146)<br> org.testng.internal.TestMethodWorker.run(TestMethodWorker.java:128)<br> java.util.ArrayList.forEach(Unknown Source)<br> org.testng.TestRunner.privateRun(TestRunner.java:764)<br> org.testng.TestRunner.run(TestRunner.java:585)<br> org.testng.SuiteRunner.runTest(SuiteRunner.java:384)<br> org.testng.SuiteRunner.runSequentially(SuiteRunner.java:378)<br> org.testng.SuiteRunner.privateRun(SuiteRunner.java:337)<br> org.testng.SuiteRunner.run(SuiteRunner.java:286)<br> org.testng.SuiteRunnerWorker.runSuite(SuiteRunnerWorker.java:53)<br> org.testng.SuiteRunnerWorker.run(SuiteRunnerWorker.java:96)<br> org.testng.TestNG.runSuitesSequentially(TestNG.java:1218)<br> org.testng.TestNG.runSuitesLocally(TestNG.java:1140)<br> org.testng.TestNG.runSuites(TestNG.java:1069)<br> org.testng.TestNG.run(TestNG.java:1037)<br> org.testng.remote.AbstractRemoteTestNG.run(AbstractRemoteTestNG.java:115)<br> org.testng.remote.RemoteTestNG.initAndRun(RemoteTestNG.java:251)<br> org.testng.remote.RemoteTestNG.main(RemoteTestNG.java:77)]</details></td>
				</tr>
				<tr class='log' status='fail'>
					<td class='status fail' title='fail' alt='fail'><i class='material-icons'>cancel</i></td>
					<td class='timestamp'>12:37:58 PM</td>
					<td class='step-details'><span class='label white-text red'>TEST CASE FAILED</span></td>
				</tr>
			</tbody>
		</table>
	</div>
					</div>
				</li>
				
				
				<li class='test displayed active  fail' status='fail' bdd='false' test-id='14'>
					<div class='test-heading'>
						<span class='test-name'>TestFunctions.Student_AuthenticateEvent     @TestCase : studentAuthenticateEvent</span>
						<span class='test-time'>Apr 26, 2021 12:37:58 PM</span>
						<span class='test-status right fail'>fail</span>
					</div>
					<div class='test-content hide'>
<div class='test-time-info'>
	<span class='label start-time'>Apr 26, 2021 12:37:58 PM</span>
	<span class='label end-time'>Apr 26, 2021 12:38:08 PM</span>
	<span class='label time-taken grey lighten-1 white-text'>0h 0m 10s+517ms</span>
</div>
	<div class='test-steps'>
		<table class='bordered table-results'>
			<thead>
				<tr>
					<th>Status</th>
					<th>Timestamp</th>
					<th>Details</th>
				</tr>
			</thead>
			<tbody>
				<tr class='log' status='fail'>
					<td class='status fail' title='fail' alt='fail'><i class='material-icons'>cancel</i></td>
					<td class='timestamp'>12:38:08 PM</td>
					<td class='step-details'><details><summary><b><font color=red>Exception Occured:Click to see</font></b ></summary>[sun.reflect.GeneratedConstructorAccessor18.newInstance(Unknown Source)<br> sun.reflect.DelegatingConstructorAccessorImpl.newInstance(Unknown Source)<br> java.lang.reflect.Constructor.newInstance(Unknown Source)<br> org.openqa.selenium.remote.http.W3CHttpResponseCodec.createException(W3CHttpResponseCodec.java:187)<br> org.openqa.selenium.remote.http.W3CHttpResponseCodec.decode(W3CHttpResponseCodec.java:122)<br> org.openqa.selenium.remote.http.W3CHttpResponseCodec.decode(W3CHttpResponseCodec.java:49)<br> org.openqa.selenium.remote.HttpCommandExecutor.execute(HttpCommandExecutor.java:158)<br> org.openqa.selenium.remote.service.DriverCommandExecutor.execute(DriverCommandExecutor.java:83)<br> org.openqa.selenium.remote.RemoteWebDriver.execute(RemoteWebDriver.java:552)<br> org.openqa.selenium.remote.RemoteWebDriver.findElement(RemoteWebDriver.java:323)<br> org.openqa.selenium.remote.RemoteWebDriver.findElementByXPath(RemoteWebDriver.java:428)<br> org.openqa.selenium.By$ByXPath.findElement(By.java:353)<br> org.openqa.selenium.remote.RemoteWebDriver.findElement(RemoteWebDriver.java:315)<br> org.openqa.selenium.support.pagefactory.DefaultElementLocator.findElement(DefaultElementLocator.java:69)<br> org.openqa.selenium.support.pagefactory.internal.LocatingElementHandler.invoke(LocatingElementHandler.java:38)<br> com.sun.proxy.$Proxy8.toString(Unknown Source)<br> java.lang.String.valueOf(Unknown Source)<br> java.lang.StringBuilder.append(Unknown Source)<br> org.openqa.selenium.support.ui.ExpectedConditions$23.toString(ExpectedConditions.java:683)<br> java.lang.String.valueOf(Unknown Source)<br> java.lang.StringBuilder.append(Unknown Source)<br> org.openqa.selenium.support.ui.FluentWait.until(FluentWait.java:268)<br> TestFunctions.Student_AuthenticateEvent.studentAuthenticateEvent(Student_AuthenticateEvent.java:27)<br> sun.reflect.NativeMethodAccessorImpl.invoke0(Native Method)<br> sun.reflect.NativeMethodAccessorImpl.invoke(Unknown Source)<br> sun.reflect.DelegatingMethodAccessorImpl.invoke(Unknown Source)<br> java.lang.reflect.Method.invoke(Unknown Source)<br> org.testng.internal.MethodInvocationHelper.invokeMethod(MethodInvocationHelper.java:132)<br> org.testng.internal.TestInvoker.invokeMethod(TestInvoker.java:599)<br> org.testng.internal.TestInvoker.invokeTestMethod(TestInvoker.java:174)<br> org.testng.internal.MethodRunner.runInSequence(MethodRunner.java:46)<br> org.testng.internal.TestInvoker$MethodInvocationAgent.invoke(TestInvoker.java:822)<br> org.testng.internal.TestInvoker.invokeTestMethods(TestInvoker.java:147)<br> org.testng.internal.TestMethodWorker.invokeTestMethods(TestMethodWorker.java:146)<br> org.testng.internal.TestMethodWorker.run(TestMethodWorker.java:128)<br> java.util.ArrayList.forEach(Unknown Source)<br> org.testng.TestRunner.privateRun(TestRunner.java:764)<br> org.testng.TestRunner.run(TestRunner.java:585)<br> org.testng.SuiteRunner.runTest(SuiteRunner.java:384)<br> org.testng.SuiteRunner.runSequentially(SuiteRunner.java:378)<br> org.testng.SuiteRunner.privateRun(SuiteRunner.java:337)<br> org.testng.SuiteRunner.run(SuiteRunner.java:286)<br> org.testng.SuiteRunnerWorker.runSuite(SuiteRunnerWorker.java:53)<br> org.testng.SuiteRunnerWorker.run(SuiteRunnerWorker.java:96)<br> org.testng.TestNG.runSuitesSequentially(TestNG.java:1218)<br> org.testng.TestNG.runSuitesLocally(TestNG.java:1140)<br> org.testng.TestNG.runSuites(TestNG.java:1069)<br> org.testng.TestNG.run(TestNG.java:1037)<br> org.testng.remote.AbstractRemoteTestNG.run(AbstractRemoteTestNG.java:115)<br> org.testng.remote.RemoteTestNG.initAndRun(RemoteTestNG.java:251)<br> org.testng.remote.RemoteTestNG.main(RemoteTestNG.java:77)]</details></td>
				</tr>
				<tr class='log' status='fail'>
					<td class='status fail' title='fail' alt='fail'><i class='material-icons'>cancel</i></td>
					<td class='timestamp'>12:38:08 PM</td>
					<td class='step-details'><span class='label white-text red'>TEST CASE FAILED</span></td>
				</tr>
			</tbody>
		</table>
	</div>
					</div>
				</li>
				
				
				<li class='test displayed active  fail' status='fail' bdd='false' test-id='15'>
					<div class='test-heading'>
						<span class='test-name'>TestFunctions.Logout     @TestCase : Logout</span>
						<span class='test-time'>Apr 26, 2021 12:38:08 PM</span>
						<span class='test-status right fail'>fail</span>
					</div>
					<div class='test-content hide'>
<div class='test-time-info'>
	<span class='label start-time'>Apr 26, 2021 12:38:08 PM</span>
	<span class='label end-time'>Apr 26, 2021 12:38:19 PM</span>
	<span class='label time-taken grey lighten-1 white-text'>0h 0m 10s+495ms</span>
</div>
	<div class='test-steps'>
		<table class='bordered table-results'>
			<thead>
				<tr>
					<th>Status</th>
					<th>Timestamp</th>
					<th>Details</th>
				</tr>
			</thead>
			<tbody>
				<tr class='log' status='fail'>
					<td class='status fail' title='fail' alt='fail'><i class='material-icons'>cancel</i></td>
					<td class='timestamp'>12:38:19 PM</td>
					<td class='step-details'><details><summary><b><font color=red>Exception Occured:Click to see</font></b ></summary>[sun.reflect.GeneratedConstructorAccessor18.newInstance(Unknown Source)<br> sun.reflect.DelegatingConstructorAccessorImpl.newInstance(Unknown Source)<br> java.lang.reflect.Constructor.newInstance(Unknown Source)<br> org.openqa.selenium.remote.http.W3CHttpResponseCodec.createException(W3CHttpResponseCodec.java:187)<br> org.openqa.selenium.remote.http.W3CHttpResponseCodec.decode(W3CHttpResponseCodec.java:122)<br> org.openqa.selenium.remote.http.W3CHttpResponseCodec.decode(W3CHttpResponseCodec.java:49)<br> org.openqa.selenium.remote.HttpCommandExecutor.execute(HttpCommandExecutor.java:158)<br> org.openqa.selenium.remote.service.DriverCommandExecutor.execute(DriverCommandExecutor.java:83)<br> org.openqa.selenium.remote.RemoteWebDriver.execute(RemoteWebDriver.java:552)<br> org.openqa.selenium.remote.RemoteWebDriver.findElement(RemoteWebDriver.java:323)<br> org.openqa.selenium.remote.RemoteWebDriver.findElementByXPath(RemoteWebDriver.java:428)<br> org.openqa.selenium.By$ByXPath.findElement(By.java:353)<br> org.openqa.selenium.remote.RemoteWebDriver.findElement(RemoteWebDriver.java:315)<br> org.openqa.selenium.support.pagefactory.DefaultElementLocator.findElement(DefaultElementLocator.java:69)<br> org.openqa.selenium.support.pagefactory.internal.LocatingElementHandler.invoke(LocatingElementHandler.java:38)<br> com.sun.proxy.$Proxy8.toString(Unknown Source)<br> java.lang.String.valueOf(Unknown Source)<br> java.lang.StringBuilder.append(Unknown Source)<br> org.openqa.selenium.support.ui.ExpectedConditions$23.toString(ExpectedConditions.java:683)<br> java.lang.String.valueOf(Unknown Source)<br> java.lang.StringBuilder.append(Unknown Source)<br> org.openqa.selenium.support.ui.FluentWait.until(FluentWait.java:268)<br> TestFunctions.Logout.Logout(Logout.java:19)<br> sun.reflect.NativeMethodAccessorImpl.invoke0(Native Method)<br> sun.reflect.NativeMethodAccessorImpl.invoke(Unknown Source)<br> sun.reflect.DelegatingMethodAccessorImpl.invoke(Unknown Source)<br> java.lang.reflect.Method.invoke(Unknown Source)<br> org.testng.internal.MethodInvocationHelper.invokeMethod(MethodInvocationHelper.java:132)<br> org.testng.internal.TestInvoker.invokeMethod(TestInvoker.java:599)<br> org.testng.internal.TestInvoker.invokeTestMethod(TestInvoker.java:174)<br> org.testng.internal.MethodRunner.runInSequence(MethodRunner.java:46)<br> org.testng.internal.TestInvoker$MethodInvocationAgent.invoke(TestInvoker.java:822)<br> org.testng.internal.TestInvoker.invokeTestMethods(TestInvoker.java:147)<br> org.testng.internal.TestMethodWorker.invokeTestMethods(TestMethodWorker.java:146)<br> org.testng.internal.TestMethodWorker.run(TestMethodWorker.java:128)<br> java.util.ArrayList.forEach(Unknown Source)<br> org.testng.TestRunner.privateRun(TestRunner.java:764)<br> org.testng.TestRunner.run(TestRunner.java:585)<br> org.testng.SuiteRunner.runTest(SuiteRunner.java:384)<br> org.testng.SuiteRunner.runSequentially(SuiteRunner.java:378)<br> org.testng.SuiteRunner.privateRun(SuiteRunner.java:337)<br> org.testng.SuiteRunner.run(SuiteRunner.java:286)<br> org.testng.SuiteRunnerWorker.runSuite(SuiteRunnerWorker.java:53)<br> org.testng.SuiteRunnerWorker.run(SuiteRunnerWorker.java:96)<br> org.testng.TestNG.runSuitesSequentially(TestNG.java:1218)<br> org.testng.TestNG.runSuitesLocally(TestNG.java:1140)<br> org.testng.TestNG.runSuites(TestNG.java:1069)<br> org.testng.TestNG.run(TestNG.java:1037)<br> org.testng.remote.AbstractRemoteTestNG.run(AbstractRemoteTestNG.java:115)<br> org.testng.remote.RemoteTestNG.initAndRun(RemoteTestNG.java:251)<br> org.testng.remote.RemoteTestNG.main(RemoteTestNG.java:77)]</details></td>
				</tr>
				<tr class='log' status='fail'>
					<td class='status fail' title='fail' alt='fail'><i class='material-icons'>cancel</i></td>
					<td class='timestamp'>12:38:19 PM</td>
					<td class='step-details'><span class='label white-text red'>TEST CASE FAILED</span></td>
				</tr>
			</tbody>
		</table>
	</div>
					</div>
				</li>
			</ul>
		</div>
	</div>
	<!-- subview left -->

	<div class='subview-right left'>
		<div class='view-summary'>
			<h5 class='test-name'></h5>

			<div id='step-filters' class="right">
				<span class="blue-text" status="info" alt="info" title="info"><i class="material-icons">info_outline</i></span>
				<span class="green-text" status="pass" alt="pass" title="pass"><i class="material-icons">check_circle</i></span>
				<span class="red-text" status="fail" alt="fail" title="fail"><i class="material-icons">cancel</i></span>
				<span class="red-text text-darken-4" status="fatal" alt="fatal" title="fatal"><i class="material-icons">cancel</i></span>
				<span class="pink-text text-lighten-1" status="error" alt="error" title="error"><i class="material-icons">error</i></span>
				<span class="orange-text" alt="warning" status="warning" title="warning"><i class="material-icons">warning</i></span>
				<span class="teal-text" status="skip" alt="skip" title="skip"><i class="material-icons">redo</i></span>
				<span status="clear" alt="Clear filters" title="Clear filters"><i class="material-icons">clear</i></span>
			</div>
		</div>
	</div>
	<!-- subview right -->

</div>
<!-- test view -->
<!-- category view -->
<!-- exception view -->
<div id='dashboard-view' class='view hide'>
	<div class='card-panel transparent np-v'>
		<h5>Dashboard</h5>

		<div class='row'>
			<div class='col s2'>
				<div class='card-panel r'>
					Tests
					<div class='panel-lead'>15</div>
				</div>
			</div>
			<div class='col s2'>
				<div class='card-panel r'>
					Steps
					<div class='panel-lead'>30</div>
				</div>
			</div>
			<div class='col s2'>
				<div class='card-panel r'>
					Start
					<div class='panel-lead'>Apr 26, 2021 12:34:00 PM</div>
				</div>
			</div>
			<div class='col s2'>
				<div class='card-panel r'>
			 		End
			 		<div class='panel-lead'>Apr 26, 2021 12:38:19 PM</div>
				</div>
			</div>
			<div class='col s2'>
				<div class='card-panel r'>
					Time Taken
					<div class='panel-lead'>0h 4m 18s+277ms</div>
				</div>
			</div>
			<div class='col s4'>
				<div class='card-panel dashboard-environment'>
					<span class='right label cyan white-text'>Environment</span><p>&nbsp;</p>
					
					<table>
						<tr>
							<th>Name</th>
							<th>Value</th>
						</tr>
							<tr>
								<td>Automation Tester</td>
								<td>Vishnu VS</td>
							</tr>
							<tr>
								<td>Organization</td>
								<td>LTS</td>
							</tr>
							<tr>
								<td>Build no</td>
								<td>DSA_001</td>
							</tr>
					</table>
				</div>
			</div>
		</div>
	</div>
</div>
<!-- dashboard view -->
<!-- testrunner-logs view -->
		</div>
		<!-- container -->

		<script>
			var statusGroup = {
				passParent: 0,
				failParent: 15,
				fatalParent: 0,
				errorParent: 0,
				warningParent: 0,
				skipParent: 0,
				exceptionsParent: 15,
				
				passChild: 0,
				failChild: 30,
				fatalChild: 0,
				errorChild: 0,
				warningChild: 0,
				skipChild: 0,
				infoChild: 0,
				exceptionsChild: 30,
				
				passGrandChild: 0,
				failGrandChild: 0,
				fatalGrandChild: 0,
				errorGrandChild: 0,
				warningGrandChild: 0,
				skipGrandChild: 0,
				infoGrandChild: 0,
				exceptionsGrandChild: 0,
			};
		</script>
		
			<script src='https://cdn.rawgit.com/anshooarora/extentreports-java/fca20fb7653aade98810546ab96a2a4360e3e712/dist/js/extent.js' type='text/javascript'></script>
		
		
 		<script type='text/javascript'>
 		</script>
	</body>
	
</html>
